ModuleDict(
  (SA): Baseline_2(
    (unet): Generic_UNet(
      (conv_blocks_localization): ModuleList(
        (0-1): 2 x Sequential(
          (0): StackedConvLayers(
            (blocks): Sequential(
              (0): ConvDropoutNormNonlin(
                (conv): Conv2d(960, 480, kernel_size=(3, 3), stride=(1, 1), padding=(1, 1))
                (instnorm): BatchNorm2d(480, eps=1e-05, momentum=0.1, affine=True, track_running_stats=True)
                (lrelu): LeakyReLU(negative_slope=0.01, inplace=True)
              )
            )
          )
          (1): StackedConvLayers(
            (blocks): Sequential(
              (0): ConvDropoutNormNonlin(
                (conv): Conv2d(480, 480, kernel_size=(3, 3), stride=(1, 1), padding=(1, 1))
                (instnorm): BatchNorm2d(480, eps=1e-05, momentum=0.1, affine=True, track_running_stats=True)
                (lrelu): LeakyReLU(negative_slope=0.01, inplace=True)
              )
            )
          )
        )
        (2): Sequential(
          (0): StackedConvLayers(
            (blocks): Sequential(
              (0): ConvDropoutNormNonlin(
                (conv): Conv2d(512, 256, kernel_size=(3, 3), stride=(1, 1), padding=(1, 1))
                (instnorm): BatchNorm2d(256, eps=1e-05, momentum=0.1, affine=True, track_running_stats=True)
                (lrelu): LeakyReLU(negative_slope=0.01, inplace=True)
              )
            )
          )
          (1): StackedConvLayers(
            (blocks): Sequential(
              (0): ConvDropoutNormNonlin(
                (conv): Conv2d(256, 256, kernel_size=(3, 3), stride=(1, 1), padding=(1, 1))
                (instnorm): BatchNorm2d(256, eps=1e-05, momentum=0.1, affine=True, track_running_stats=True)
                (lrelu): LeakyReLU(negative_slope=0.01, inplace=True)
              )
            )
          )
        )
        (3): Sequential(
          (0): StackedConvLayers(
            (blocks): Sequential(
              (0): ConvDropoutNormNonlin(
                (conv): Conv2d(256, 128, kernel_size=(3, 3), stride=(1, 1), padding=(1, 1))
                (instnorm): BatchNorm2d(128, eps=1e-05, momentum=0.1, affine=True, track_running_stats=True)
                (lrelu): LeakyReLU(negative_slope=0.01, inplace=True)
              )
            )
          )
          (1): StackedConvLayers(
            (blocks): Sequential(
              (0): ConvDropoutNormNonlin(
                (conv): Conv2d(128, 128, kernel_size=(3, 3), stride=(1, 1), padding=(1, 1))
                (instnorm): BatchNorm2d(128, eps=1e-05, momentum=0.1, affine=True, track_running_stats=True)
                (lrelu): LeakyReLU(negative_slope=0.01, inplace=True)
              )
            )
          )
        )
        (4): Sequential(
          (0): StackedConvLayers(
            (blocks): Sequential(
              (0): ConvDropoutNormNonlin(
                (conv): Conv2d(128, 64, kernel_size=(3, 3), stride=(1, 1), padding=(1, 1))
                (instnorm): BatchNorm2d(64, eps=1e-05, momentum=0.1, affine=True, track_running_stats=True)
                (lrelu): LeakyReLU(negative_slope=0.01, inplace=True)
              )
            )
          )
          (1): StackedConvLayers(
            (blocks): Sequential(
              (0): ConvDropoutNormNonlin(
                (conv): Conv2d(64, 64, kernel_size=(3, 3), stride=(1, 1), padding=(1, 1))
                (instnorm): BatchNorm2d(64, eps=1e-05, momentum=0.1, affine=True, track_running_stats=True)
                (lrelu): LeakyReLU(negative_slope=0.01, inplace=True)
              )
            )
          )
        )
        (5): Sequential(
          (0): StackedConvLayers(
            (blocks): Sequential(
              (0): ConvDropoutNormNonlin(
                (conv): Conv2d(64, 32, kernel_size=(3, 3), stride=(1, 1), padding=(1, 1))
                (instnorm): BatchNorm2d(32, eps=1e-05, momentum=0.1, affine=True, track_running_stats=True)
                (lrelu): LeakyReLU(negative_slope=0.01, inplace=True)
              )
            )
          )
          (1): StackedConvLayers(
            (blocks): Sequential(
              (0): ConvDropoutNormNonlin(
                (conv): Conv2d(32, 32, kernel_size=(3, 3), stride=(1, 1), padding=(1, 1))
                (instnorm): BatchNorm2d(32, eps=1e-05, momentum=0.1, affine=True, track_running_stats=True)
                (lrelu): LeakyReLU(negative_slope=0.01, inplace=True)
              )
            )
          )
        )
      )
      (conv_blocks_context): ModuleList(
        (0): StackedConvLayers(
          (blocks): Sequential(
            (0): ConvDropoutNormNonlin(
              (conv): Conv2d(1, 32, kernel_size=(3, 3), stride=(1, 1), padding=(1, 1))
              (instnorm): BatchNorm2d(32, eps=1e-05, momentum=0.1, affine=True, track_running_stats=True)
              (lrelu): LeakyReLU(negative_slope=0.01, inplace=True)
            )
            (1): ConvDropoutNormNonlin(
              (conv): Conv2d(32, 32, kernel_size=(3, 3), stride=(1, 1), padding=(1, 1))
              (instnorm): BatchNorm2d(32, eps=1e-05, momentum=0.1, affine=True, track_running_stats=True)
              (lrelu): LeakyReLU(negative_slope=0.01, inplace=True)
            )
          )
        )
        (1): StackedConvLayers(
          (blocks): Sequential(
            (0): ConvDropoutNormNonlin(
              (conv): Conv2d(32, 64, kernel_size=(3, 3), stride=(2, 2), padding=(1, 1))
              (instnorm): BatchNorm2d(64, eps=1e-05, momentum=0.1, affine=True, track_running_stats=True)
              (lrelu): LeakyReLU(negative_slope=0.01, inplace=True)
            )
            (1): ConvDropoutNormNonlin(
              (conv): Conv2d(64, 64, kernel_size=(3, 3), stride=(1, 1), padding=(1, 1))
              (instnorm): BatchNorm2d(64, eps=1e-05, momentum=0.1, affine=True, track_running_stats=True)
              (lrelu): LeakyReLU(negative_slope=0.01, inplace=True)
            )
          )
        )
        (2): StackedConvLayers(
          (blocks): Sequential(
            (0): ConvDropoutNormNonlin(
              (conv): Conv2d(64, 128, kernel_size=(3, 3), stride=(2, 2), padding=(1, 1))
              (instnorm): BatchNorm2d(128, eps=1e-05, momentum=0.1, affine=True, track_running_stats=True)
              (lrelu): LeakyReLU(negative_slope=0.01, inplace=True)
            )
            (1): ConvDropoutNormNonlin(
              (conv): Conv2d(128, 128, kernel_size=(3, 3), stride=(1, 1), padding=(1, 1))
              (instnorm): BatchNorm2d(128, eps=1e-05, momentum=0.1, affine=True, track_running_stats=True)
              (lrelu): LeakyReLU(negative_slope=0.01, inplace=True)
            )
          )
        )
        (3): StackedConvLayers(
          (blocks): Sequential(
            (0): ConvDropoutNormNonlin(
              (conv): Conv2d(128, 256, kernel_size=(3, 3), stride=(2, 2), padding=(1, 1))
              (instnorm): BatchNorm2d(256, eps=1e-05, momentum=0.1, affine=True, track_running_stats=True)
              (lrelu): LeakyReLU(negative_slope=0.01, inplace=True)
            )
            (1): ConvDropoutNormNonlin(
              (conv): Conv2d(256, 256, kernel_size=(3, 3), stride=(1, 1), padding=(1, 1))
              (instnorm): BatchNorm2d(256, eps=1e-05, momentum=0.1, affine=True, track_running_stats=True)
              (lrelu): LeakyReLU(negative_slope=0.01, inplace=True)
            )
          )
        )
        (4): StackedConvLayers(
          (blocks): Sequential(
            (0): ConvDropoutNormNonlin(
              (conv): Conv2d(256, 480, kernel_size=(3, 3), stride=(2, 2), padding=(1, 1))
              (instnorm): BatchNorm2d(480, eps=1e-05, momentum=0.1, affine=True, track_running_stats=True)
              (lrelu): LeakyReLU(negative_slope=0.01, inplace=True)
            )
            (1): ConvDropoutNormNonlin(
              (conv): Conv2d(480, 480, kernel_size=(3, 3), stride=(1, 1), padding=(1, 1))
              (instnorm): BatchNorm2d(480, eps=1e-05, momentum=0.1, affine=True, track_running_stats=True)
              (lrelu): LeakyReLU(negative_slope=0.01, inplace=True)
            )
          )
        )
        (5): StackedConvLayers(
          (blocks): Sequential(
            (0): ConvDropoutNormNonlin(
              (conv): Conv2d(480, 480, kernel_size=(3, 3), stride=(2, 2), padding=(1, 1))
              (instnorm): BatchNorm2d(480, eps=1e-05, momentum=0.1, affine=True, track_running_stats=True)
              (lrelu): LeakyReLU(negative_slope=0.01, inplace=True)
            )
            (1): ConvDropoutNormNonlin(
              (conv): Conv2d(480, 480, kernel_size=(3, 3), stride=(1, 1), padding=(1, 1))
              (instnorm): BatchNorm2d(480, eps=1e-05, momentum=0.1, affine=True, track_running_stats=True)
              (lrelu): LeakyReLU(negative_slope=0.01, inplace=True)
            )
          )
        )
        (6): Sequential(
          (0): StackedConvLayers(
            (blocks): Sequential(
              (0): ConvDropoutNormNonlin(
                (conv): Conv2d(480, 480, kernel_size=(3, 3), stride=(2, 2), padding=(1, 1))
                (instnorm): BatchNorm2d(480, eps=1e-05, momentum=0.1, affine=True, track_running_stats=True)
                (lrelu): LeakyReLU(negative_slope=0.01, inplace=True)
              )
            )
          )
          (1): StackedConvLayers(
            (blocks): Sequential(
              (0): ConvDropoutNormNonlin(
                (conv): Conv2d(480, 480, kernel_size=(3, 3), stride=(1, 1), padding=(1, 1))
                (instnorm): BatchNorm2d(480, eps=1e-05, momentum=0.1, affine=True, track_running_stats=True)
                (lrelu): LeakyReLU(negative_slope=0.01, inplace=True)
              )
            )
          )
        )
      )
      (td): ModuleList()
      (tu): ModuleList(
        (0-1): 2 x ConvTranspose2d(480, 480, kernel_size=(2, 2), stride=(2, 2), bias=False)
        (2): ConvTranspose2d(480, 256, kernel_size=(2, 2), stride=(2, 2), bias=False)
        (3): ConvTranspose2d(256, 128, kernel_size=(2, 2), stride=(2, 2), bias=False)
        (4): ConvTranspose2d(128, 64, kernel_size=(2, 2), stride=(2, 2), bias=False)
        (5): ConvTranspose2d(64, 32, kernel_size=(2, 2), stride=(2, 2), bias=False)
      )
      (seg_outputs): ModuleList(
        (0-1): 2 x Conv2d(480, 4, kernel_size=(1, 1), stride=(1, 1), bias=False)
        (2): Conv2d(256, 4, kernel_size=(1, 1), stride=(1, 1), bias=False)
        (3): Conv2d(128, 4, kernel_size=(1, 1), stride=(1, 1), bias=False)
        (4): Conv2d(64, 4, kernel_size=(1, 1), stride=(1, 1), bias=False)
        (5): Conv2d(32, 4, kernel_size=(1, 1), stride=(1, 1), bias=False)
      )
    )
  )
  (LA): Baseline_2(
    (unet): Generic_UNet(
      (conv_blocks_localization): ModuleList(
        (0-1): 2 x Sequential(
          (0): StackedConvLayers(
            (blocks): Sequential(
              (0): ConvDropoutNormNonlin(
                (conv): Conv2d(960, 480, kernel_size=(3, 3), stride=(1, 1), padding=(1, 1))
                (instnorm): BatchNorm2d(480, eps=1e-05, momentum=0.1, affine=True, track_running_stats=True)
                (lrelu): LeakyReLU(negative_slope=0.01, inplace=True)
              )
            )
          )
          (1): StackedConvLayers(
            (blocks): Sequential(
              (0): ConvDropoutNormNonlin(
                (conv): Conv2d(480, 480, kernel_size=(3, 3), stride=(1, 1), padding=(1, 1))
                (instnorm): BatchNorm2d(480, eps=1e-05, momentum=0.1, affine=True, track_running_stats=True)
                (lrelu): LeakyReLU(negative_slope=0.01, inplace=True)
              )
            )
          )
        )
        (2): Sequential(
          (0): StackedConvLayers(
            (blocks): Sequential(
              (0): ConvDropoutNormNonlin(
                (conv): Conv2d(512, 256, kernel_size=(3, 3), stride=(1, 1), padding=(1, 1))
                (instnorm): BatchNorm2d(256, eps=1e-05, momentum=0.1, affine=True, track_running_stats=True)
                (lrelu): LeakyReLU(negative_slope=0.01, inplace=True)
              )
            )
          )
          (1): StackedConvLayers(
            (blocks): Sequential(
              (0): ConvDropoutNormNonlin(
                (conv): Conv2d(256, 256, kernel_size=(3, 3), stride=(1, 1), padding=(1, 1))
                (instnorm): BatchNorm2d(256, eps=1e-05, momentum=0.1, affine=True, track_running_stats=True)
                (lrelu): LeakyReLU(negative_slope=0.01, inplace=True)
              )
            )
          )
        )
        (3): Sequential(
          (0): StackedConvLayers(
            (blocks): Sequential(
              (0): ConvDropoutNormNonlin(
                (conv): Conv2d(256, 128, kernel_size=(3, 3), stride=(1, 1), padding=(1, 1))
                (instnorm): BatchNorm2d(128, eps=1e-05, momentum=0.1, affine=True, track_running_stats=True)
                (lrelu): LeakyReLU(negative_slope=0.01, inplace=True)
              )
            )
          )
          (1): StackedConvLayers(
            (blocks): Sequential(
              (0): ConvDropoutNormNonlin(
                (conv): Conv2d(128, 128, kernel_size=(3, 3), stride=(1, 1), padding=(1, 1))
                (instnorm): BatchNorm2d(128, eps=1e-05, momentum=0.1, affine=True, track_running_stats=True)
                (lrelu): LeakyReLU(negative_slope=0.01, inplace=True)
              )
            )
          )
        )
        (4): Sequential(
          (0): StackedConvLayers(
            (blocks): Sequential(
              (0): ConvDropoutNormNonlin(
                (conv): Conv2d(128, 64, kernel_size=(3, 3), stride=(1, 1), padding=(1, 1))
                (instnorm): BatchNorm2d(64, eps=1e-05, momentum=0.1, affine=True, track_running_stats=True)
                (lrelu): LeakyReLU(negative_slope=0.01, inplace=True)
              )
            )
          )
          (1): StackedConvLayers(
            (blocks): Sequential(
              (0): ConvDropoutNormNonlin(
                (conv): Conv2d(64, 64, kernel_size=(3, 3), stride=(1, 1), padding=(1, 1))
                (instnorm): BatchNorm2d(64, eps=1e-05, momentum=0.1, affine=True, track_running_stats=True)
                (lrelu): LeakyReLU(negative_slope=0.01, inplace=True)
              )
            )
          )
        )
        (5): Sequential(
          (0): StackedConvLayers(
            (blocks): Sequential(
              (0): ConvDropoutNormNonlin(
                (conv): Conv2d(64, 32, kernel_size=(3, 3), stride=(1, 1), padding=(1, 1))
                (instnorm): BatchNorm2d(32, eps=1e-05, momentum=0.1, affine=True, track_running_stats=True)
                (lrelu): LeakyReLU(negative_slope=0.01, inplace=True)
              )
            )
          )
          (1): StackedConvLayers(
            (blocks): Sequential(
              (0): ConvDropoutNormNonlin(
                (conv): Conv2d(32, 32, kernel_size=(3, 3), stride=(1, 1), padding=(1, 1))
                (instnorm): BatchNorm2d(32, eps=1e-05, momentum=0.1, affine=True, track_running_stats=True)
                (lrelu): LeakyReLU(negative_slope=0.01, inplace=True)
              )
            )
          )
        )
      )
      (conv_blocks_context): ModuleList(
        (0): StackedConvLayers(
          (blocks): Sequential(
            (0): ConvDropoutNormNonlin(
              (conv): Conv2d(1, 32, kernel_size=(3, 3), stride=(1, 1), padding=(1, 1))
              (instnorm): BatchNorm2d(32, eps=1e-05, momentum=0.1, affine=True, track_running_stats=True)
              (lrelu): LeakyReLU(negative_slope=0.01, inplace=True)
            )
            (1): ConvDropoutNormNonlin(
              (conv): Conv2d(32, 32, kernel_size=(3, 3), stride=(1, 1), padding=(1, 1))
              (instnorm): BatchNorm2d(32, eps=1e-05, momentum=0.1, affine=True, track_running_stats=True)
              (lrelu): LeakyReLU(negative_slope=0.01, inplace=True)
            )
          )
        )
        (1): StackedConvLayers(
          (blocks): Sequential(
            (0): ConvDropoutNormNonlin(
              (conv): Conv2d(32, 64, kernel_size=(3, 3), stride=(2, 2), padding=(1, 1))
              (instnorm): BatchNorm2d(64, eps=1e-05, momentum=0.1, affine=True, track_running_stats=True)
              (lrelu): LeakyReLU(negative_slope=0.01, inplace=True)
            )
            (1): ConvDropoutNormNonlin(
              (conv): Conv2d(64, 64, kernel_size=(3, 3), stride=(1, 1), padding=(1, 1))
              (instnorm): BatchNorm2d(64, eps=1e-05, momentum=0.1, affine=True, track_running_stats=True)
              (lrelu): LeakyReLU(negative_slope=0.01, inplace=True)
            )
          )
        )
        (2): StackedConvLayers(
          (blocks): Sequential(
            (0): ConvDropoutNormNonlin(
              (conv): Conv2d(64, 128, kernel_size=(3, 3), stride=(2, 2), padding=(1, 1))
              (instnorm): BatchNorm2d(128, eps=1e-05, momentum=0.1, affine=True, track_running_stats=True)
              (lrelu): LeakyReLU(negative_slope=0.01, inplace=True)
            )
            (1): ConvDropoutNormNonlin(
              (conv): Conv2d(128, 128, kernel_size=(3, 3), stride=(1, 1), padding=(1, 1))
              (instnorm): BatchNorm2d(128, eps=1e-05, momentum=0.1, affine=True, track_running_stats=True)
              (lrelu): LeakyReLU(negative_slope=0.01, inplace=True)
            )
          )
        )
        (3): StackedConvLayers(
          (blocks): Sequential(
            (0): ConvDropoutNormNonlin(
              (conv): Conv2d(128, 256, kernel_size=(3, 3), stride=(2, 2), padding=(1, 1))
              (instnorm): BatchNorm2d(256, eps=1e-05, momentum=0.1, affine=True, track_running_stats=True)
              (lrelu): LeakyReLU(negative_slope=0.01, inplace=True)
            )
            (1): ConvDropoutNormNonlin(
              (conv): Conv2d(256, 256, kernel_size=(3, 3), stride=(1, 1), padding=(1, 1))
              (instnorm): BatchNorm2d(256, eps=1e-05, momentum=0.1, affine=True, track_running_stats=True)
              (lrelu): LeakyReLU(negative_slope=0.01, inplace=True)
            )
          )
        )
        (4): StackedConvLayers(
          (blocks): Sequential(
            (0): ConvDropoutNormNonlin(
              (conv): Conv2d(256, 480, kernel_size=(3, 3), stride=(2, 2), padding=(1, 1))
              (instnorm): BatchNorm2d(480, eps=1e-05, momentum=0.1, affine=True, track_running_stats=True)
              (lrelu): LeakyReLU(negative_slope=0.01, inplace=True)
            )
            (1): ConvDropoutNormNonlin(
              (conv): Conv2d(480, 480, kernel_size=(3, 3), stride=(1, 1), padding=(1, 1))
              (instnorm): BatchNorm2d(480, eps=1e-05, momentum=0.1, affine=True, track_running_stats=True)
              (lrelu): LeakyReLU(negative_slope=0.01, inplace=True)
            )
          )
        )
        (5): StackedConvLayers(
          (blocks): Sequential(
            (0): ConvDropoutNormNonlin(
              (conv): Conv2d(480, 480, kernel_size=(3, 3), stride=(2, 2), padding=(1, 1))
              (instnorm): BatchNorm2d(480, eps=1e-05, momentum=0.1, affine=True, track_running_stats=True)
              (lrelu): LeakyReLU(negative_slope=0.01, inplace=True)
            )
            (1): ConvDropoutNormNonlin(
              (conv): Conv2d(480, 480, kernel_size=(3, 3), stride=(1, 1), padding=(1, 1))
              (instnorm): BatchNorm2d(480, eps=1e-05, momentum=0.1, affine=True, track_running_stats=True)
              (lrelu): LeakyReLU(negative_slope=0.01, inplace=True)
            )
          )
        )
        (6): Sequential(
          (0): StackedConvLayers(
            (blocks): Sequential(
              (0): ConvDropoutNormNonlin(
                (conv): Conv2d(480, 480, kernel_size=(3, 3), stride=(2, 2), padding=(1, 1))
                (instnorm): BatchNorm2d(480, eps=1e-05, momentum=0.1, affine=True, track_running_stats=True)
                (lrelu): LeakyReLU(negative_slope=0.01, inplace=True)
              )
            )
          )
          (1): StackedConvLayers(
            (blocks): Sequential(
              (0): ConvDropoutNormNonlin(
                (conv): Conv2d(480, 480, kernel_size=(3, 3), stride=(1, 1), padding=(1, 1))
                (instnorm): BatchNorm2d(480, eps=1e-05, momentum=0.1, affine=True, track_running_stats=True)
                (lrelu): LeakyReLU(negative_slope=0.01, inplace=True)
              )
            )
          )
        )
      )
      (td): ModuleList()
      (tu): ModuleList(
        (0-1): 2 x ConvTranspose2d(480, 480, kernel_size=(2, 2), stride=(2, 2), bias=False)
        (2): ConvTranspose2d(480, 256, kernel_size=(2, 2), stride=(2, 2), bias=False)
        (3): ConvTranspose2d(256, 128, kernel_size=(2, 2), stride=(2, 2), bias=False)
        (4): ConvTranspose2d(128, 64, kernel_size=(2, 2), stride=(2, 2), bias=False)
        (5): ConvTranspose2d(64, 32, kernel_size=(2, 2), stride=(2, 2), bias=False)
      )
      (seg_outputs): ModuleList(
        (0-1): 2 x Conv2d(480, 4, kernel_size=(1, 1), stride=(1, 1), bias=False)
        (2): Conv2d(256, 4, kernel_size=(1, 1), stride=(1, 1), bias=False)
        (3): Conv2d(128, 4, kernel_size=(1, 1), stride=(1, 1), bias=False)
        (4): Conv2d(64, 4, kernel_size=(1, 1), stride=(1, 1), bias=False)
        (5): Conv2d(32, 4, kernel_size=(1, 1), stride=(1, 1), bias=False)
      )
    )
  )
)
[1mEpoch [init][0m
GDLoss	CELoss	Total	LV_dc	LV_hd	MYO_dc	MYO_hd	RV_dc	RV_hd	
-0.012	1.9769	1.9645	0.0044	166.38	0.0175	161.68	0.0057	183.04	
[1mEpoch [1][0m
GDLoss	CELoss	Total	LV_dc	LV_hd	MYO_dc	MYO_hd	RV_dc	RV_hd	
-0.116	0.1599	0.0432	0.0690	70.084	0.0064	inf	0.1812	106.63	
[1mEpoch [2][0m
GDLoss	CELoss	Total	LV_dc	LV_hd	MYO_dc	MYO_hd	RV_dc	RV_hd	
-0.470	0.1469	-0.323	0.6939	40.699	0.4597	56.998	0.3181	91.066	
[1mEpoch [3][0m
GDLoss	CELoss	Total	LV_dc	LV_hd	MYO_dc	MYO_hd	RV_dc	RV_hd	
-0.742	0.0520	-0.690	0.8577	12.511	0.7116	17.917	0.7019	44.031	
[1mEpoch [4][0m
GDLoss	CELoss	Total	LV_dc	LV_hd	MYO_dc	MYO_hd	RV_dc	RV_hd	
-0.790	0.0415	-0.748	0.8711	19.044	0.7413	27.226	0.7967	18.445	
[1mEpoch [5][0m
GDLoss	CELoss	Total	LV_dc	LV_hd	MYO_dc	MYO_hd	RV_dc	RV_hd	
-0.809	0.0374	-0.772	0.8722	6.7779	0.7598	9.5969	0.8292	20.685	
[1mEpoch [6][0m
GDLoss	CELoss	Total	LV_dc	LV_hd	MYO_dc	MYO_hd	RV_dc	RV_hd	
-0.835	0.0320	-0.803	0.8976	18.215	0.7955	23.158	0.8390	23.844	
[1mEpoch [7][0m
GDLoss	CELoss	Total	LV_dc	LV_hd	MYO_dc	MYO_hd	RV_dc	RV_hd	
-0.845	0.0286	-0.817	0.8914	7.5643	0.8107	11.804	0.8636	22.468	
[1mEpoch [8][0m
GDLoss	CELoss	Total	LV_dc	LV_hd	MYO_dc	MYO_hd	RV_dc	RV_hd	
-0.839	0.0305	-0.809	0.8953	13.326	0.7996	16.105	0.8506	15.182	
[1mEpoch [9][0m
GDLoss	CELoss	Total	LV_dc	LV_hd	MYO_dc	MYO_hd	RV_dc	RV_hd	
-0.849	0.0270	-0.822	0.9064	9.6000	0.8204	15.790	0.8512	23.101	
[1mEpoch [10][0m
GDLoss	CELoss	Total	LV_dc	LV_hd	MYO_dc	MYO_hd	RV_dc	RV_hd	
-0.858	0.0253	-0.832	0.9016	9.6750	0.8287	12.263	0.8706	14.550	
[1mEpoch [11][0m
GDLoss	CELoss	Total	LV_dc	LV_hd	MYO_dc	MYO_hd	RV_dc	RV_hd	
-0.861	0.0256	-0.835	0.9174	7.3184	0.8355	8.9016	0.8553	18.651	
[1mEpoch [12][0m
GDLoss	CELoss	Total	LV_dc	LV_hd	MYO_dc	MYO_hd	RV_dc	RV_hd	
-0.866	0.0240	-0.842	0.9099	8.7103	0.8358	10.121	0.8779	14.903	
[1mEpoch [13][0m
GDLoss	CELoss	Total	LV_dc	LV_hd	MYO_dc	MYO_hd	RV_dc	RV_hd	
-0.868	0.0234	-0.845	0.9187	7.1119	0.8351	10.017	0.8757	11.533	
[1mEpoch [14][0m
GDLoss	CELoss	Total	LV_dc	LV_hd	MYO_dc	MYO_hd	RV_dc	RV_hd	
-0.871	0.0237	-0.847	0.9231	7.4101	0.8364	10.220	0.8765	11.130	
[1mEpoch [15][0m
GDLoss	CELoss	Total	LV_dc	LV_hd	MYO_dc	MYO_hd	RV_dc	RV_hd	
-0.867	0.0266	-0.841	0.9092	6.8450	0.8370	9.5385	0.8759	7.9129	
[1mEpoch [16][0m
GDLoss	CELoss	Total	LV_dc	LV_hd	MYO_dc	MYO_hd	RV_dc	RV_hd	
-0.870	0.0253	-0.844	0.9163	7.0328	0.8368	9.6366	0.8788	7.6363	
[1mEpoch [17][0m
GDLoss	CELoss	Total	LV_dc	LV_hd	MYO_dc	MYO_hd	RV_dc	RV_hd	
-0.874	0.0241	-0.849	0.9242	5.9705	0.8409	9.7104	0.8775	7.7872	
[1mEpoch [18][0m
GDLoss	CELoss	Total	LV_dc	LV_hd	MYO_dc	MYO_hd	RV_dc	RV_hd	
-0.866	0.0253	-0.841	0.9213	4.7334	0.8385	7.3033	0.8621	7.9295	
[1mEpoch [19][0m
GDLoss	CELoss	Total	LV_dc	LV_hd	MYO_dc	MYO_hd	RV_dc	RV_hd	
-0.868	0.0236	-0.845	0.9236	8.2355	0.8339	14.330	0.8749	7.7449	
[1mEpoch [20][0m
GDLoss	CELoss	Total	LV_dc	LV_hd	MYO_dc	MYO_hd	RV_dc	RV_hd	
-0.870	0.0242	-0.846	0.9222	5.7559	0.8430	9.9686	0.8666	9.1173	
[1mEpoch [21][0m
GDLoss	CELoss	Total	LV_dc	LV_hd	MYO_dc	MYO_hd	RV_dc	RV_hd	
-0.883	0.0208	-0.862	0.9301	6.0517	0.8512	8.6909	0.8885	7.8178	
[1mEpoch [22][0m
GDLoss	CELoss	Total	LV_dc	LV_hd	MYO_dc	MYO_hd	RV_dc	RV_hd	
-0.876	0.0220	-0.854	0.9304	3.9906	0.8506	6.9624	0.8712	7.4603	
[1mEpoch [23][0m
GDLoss	CELoss	Total	LV_dc	LV_hd	MYO_dc	MYO_hd	RV_dc	RV_hd	
-0.882	0.0198	-0.863	0.9297	8.6105	0.8527	11.851	0.8917	14.547	
[1mEpoch [24][0m
GDLoss	CELoss	Total	LV_dc	LV_hd	MYO_dc	MYO_hd	RV_dc	RV_hd	
-0.883	0.0208	-0.862	0.9339	4.4872	0.8475	6.7667	0.8910	8.0011	
[1mEpoch [25][0m
GDLoss	CELoss	Total	LV_dc	LV_hd	MYO_dc	MYO_hd	RV_dc	RV_hd	
-0.878	0.0220	-0.856	0.9288	4.8867	0.8486	8.4947	0.8794	7.0307	
[1mEpoch [26][0m
GDLoss	CELoss	Total	LV_dc	LV_hd	MYO_dc	MYO_hd	RV_dc	RV_hd	
-0.883	0.0217	-0.862	0.9302	5.4730	0.8502	8.1167	0.8904	8.0158	
[1mEpoch [27][0m
GDLoss	CELoss	Total	LV_dc	LV_hd	MYO_dc	MYO_hd	RV_dc	RV_hd	
-0.883	0.0209	-0.862	0.9314	5.9638	0.8518	8.2146	0.8886	7.6247	
[1mEpoch [28][0m
GDLoss	CELoss	Total	LV_dc	LV_hd	MYO_dc	MYO_hd	RV_dc	RV_hd	
-0.880	0.0206	-0.860	0.9299	9.1430	0.8507	11.348	0.8847	8.5128	
[1mEpoch [29][0m
GDLoss	CELoss	Total	LV_dc	LV_hd	MYO_dc	MYO_hd	RV_dc	RV_hd	
-0.878	0.0231	-0.855	0.9241	5.2272	0.8521	8.3045	0.8761	inf	
[1mEpoch [30][0m
GDLoss	CELoss	Total	LV_dc	LV_hd	MYO_dc	MYO_hd	RV_dc	RV_hd	
-0.885	0.0197	-0.866	0.9272	3.7768	0.8555	7.0050	0.8938	7.2553	
[1mEpoch [31][0m
GDLoss	CELoss	Total	LV_dc	LV_hd	MYO_dc	MYO_hd	RV_dc	RV_hd	
-0.883	0.0204	-0.863	0.9278	8.1592	0.8552	7.4425	0.8897	13.011	
[1mEpoch [32][0m
GDLoss	CELoss	Total	LV_dc	LV_hd	MYO_dc	MYO_hd	RV_dc	RV_hd	
-0.883	0.0219	-0.861	0.9378	4.5904	0.8600	7.0960	0.8768	7.8319	
[1mEpoch [33][0m
GDLoss	CELoss	Total	LV_dc	LV_hd	MYO_dc	MYO_hd	RV_dc	RV_hd	
-0.889	0.0182	-0.871	0.9351	5.9576	0.8549	7.3964	0.9006	8.9940	
[1mEpoch [34][0m
GDLoss	CELoss	Total	LV_dc	LV_hd	MYO_dc	MYO_hd	RV_dc	RV_hd	
-0.887	0.0201	-0.866	0.9371	5.8269	0.8573	8.9534	0.8866	7.8321	
[1mEpoch [35][0m
GDLoss	CELoss	Total	LV_dc	LV_hd	MYO_dc	MYO_hd	RV_dc	RV_hd	
-0.885	0.0216	-0.863	0.9353	4.3045	0.8608	6.4304	0.8781	7.0292	
[1mEpoch [36][0m
GDLoss	CELoss	Total	LV_dc	LV_hd	MYO_dc	MYO_hd	RV_dc	RV_hd	
-0.890	0.0194	-0.870	0.9305	6.5726	0.8611	7.6688	0.8969	7.0530	
[1mEpoch [37][0m
GDLoss	CELoss	Total	LV_dc	LV_hd	MYO_dc	MYO_hd	RV_dc	RV_hd	
-0.885	0.0215	-0.863	0.9333	4.8406	0.8592	6.6423	0.8833	7.4528	
[1mEpoch [38][0m
GDLoss	CELoss	Total	LV_dc	LV_hd	MYO_dc	MYO_hd	RV_dc	RV_hd	
-0.888	0.0202	-0.867	0.9302	4.6335	0.8570	6.4146	0.8954	8.4728	
[1mEpoch [39][0m
GDLoss	CELoss	Total	LV_dc	LV_hd	MYO_dc	MYO_hd	RV_dc	RV_hd	
-0.890	0.0184	-0.872	0.9371	4.3432	0.8615	6.4003	0.8949	8.4563	
[1mEpoch [40][0m
GDLoss	CELoss	Total	LV_dc	LV_hd	MYO_dc	MYO_hd	RV_dc	RV_hd	
-0.889	0.0195	-0.870	0.9351	3.9925	0.8589	6.4571	0.8928	7.1891	
[1mEpoch [41][0m
GDLoss	CELoss	Total	LV_dc	LV_hd	MYO_dc	MYO_hd	RV_dc	RV_hd	
-0.889	0.0199	-0.869	0.9342	4.6955	0.8575	6.6245	0.8929	6.7584	
[1mEpoch [42][0m
GDLoss	CELoss	Total	LV_dc	LV_hd	MYO_dc	MYO_hd	RV_dc	RV_hd	
-0.886	0.0193	-0.867	0.9238	8.4948	0.8540	12.182	0.9016	7.7604	
[1mEpoch [43][0m
GDLoss	CELoss	Total	LV_dc	LV_hd	MYO_dc	MYO_hd	RV_dc	RV_hd	
-0.892	0.0198	-0.872	0.9327	4.7541	0.8615	6.3407	0.9016	6.8193	
[1mEpoch [44][0m
GDLoss	CELoss	Total	LV_dc	LV_hd	MYO_dc	MYO_hd	RV_dc	RV_hd	
-0.882	0.0218	-0.860	0.9296	5.2339	0.8532	6.6049	0.8828	6.4418	
[1mEpoch [45][0m
GDLoss	CELoss	Total	LV_dc	LV_hd	MYO_dc	MYO_hd	RV_dc	RV_hd	
-0.892	0.0192	-0.873	0.9382	3.4186	0.8607	6.3078	0.8964	7.1234	
[1mEpoch [46][0m
GDLoss	CELoss	Total	LV_dc	LV_hd	MYO_dc	MYO_hd	RV_dc	RV_hd	
-0.888	0.0201	-0.868	0.9293	5.8660	0.8603	6.4514	0.8948	6.5295	
[1mEpoch [47][0m
GDLoss	CELoss	Total	LV_dc	LV_hd	MYO_dc	MYO_hd	RV_dc	RV_hd	
-0.887	0.0205	-0.866	0.9324	4.2074	0.8567	7.2268	0.8914	7.2483	
[1mEpoch [48][0m
GDLoss	CELoss	Total	LV_dc	LV_hd	MYO_dc	MYO_hd	RV_dc	RV_hd	
-0.888	0.0203	-0.868	0.9289	4.9139	0.8603	7.0240	0.8936	6.8193	
[1mEpoch [49][0m
GDLoss	CELoss	Total	LV_dc	LV_hd	MYO_dc	MYO_hd	RV_dc	RV_hd	
-0.894	0.0192	-0.875	0.9333	4.5186	0.8628	6.2491	0.9034	7.2530	
[1mEpoch [50][0m
GDLoss	CELoss	Total	LV_dc	LV_hd	MYO_dc	MYO_hd	RV_dc	RV_hd	
-0.894	0.0181	-0.875	0.9355	3.4688	0.8633	5.6583	0.9014	6.9131	
[1mEpoch [51][0m
GDLoss	CELoss	Total	LV_dc	LV_hd	MYO_dc	MYO_hd	RV_dc	RV_hd	
-0.894	0.0180	-0.876	0.9381	3.6838	0.8649	5.8856	0.9013	7.4485	
[1mEpoch [52][0m
GDLoss	CELoss	Total	LV_dc	LV_hd	MYO_dc	MYO_hd	RV_dc	RV_hd	
-0.884	0.0222	-0.862	0.9238	3.9756	0.8516	5.6648	0.8958	6.6891	
[1mEpoch [53][0m
GDLoss	CELoss	Total	LV_dc	LV_hd	MYO_dc	MYO_hd	RV_dc	RV_hd	
-0.890	0.0202	-0.870	0.9375	4.9553	0.8603	7.1653	0.8934	6.5614	
[1mEpoch [54][0m
GDLoss	CELoss	Total	LV_dc	LV_hd	MYO_dc	MYO_hd	RV_dc	RV_hd	
-0.889	0.0199	-0.869	0.9318	3.3895	0.8594	5.6629	0.8939	6.4076	
[1mEpoch [55][0m
GDLoss	CELoss	Total	LV_dc	LV_hd	MYO_dc	MYO_hd	RV_dc	RV_hd	
-0.881	0.0216	-0.860	0.9376	3.7984	0.8625	7.4432	0.8656	inf	
[1mEpoch [56][0m
GDLoss	CELoss	Total	LV_dc	LV_hd	MYO_dc	MYO_hd	RV_dc	RV_hd	
-0.870	0.0264	-0.844	0.9244	5.0619	0.8472	11.424	0.8596	7.5929	
[1mEpoch [57][0m
GDLoss	CELoss	Total	LV_dc	LV_hd	MYO_dc	MYO_hd	RV_dc	RV_hd	
-0.897	0.0188	-0.878	0.9381	3.4908	0.8661	6.1181	0.9043	6.2447	
[1mEpoch [58][0m
GDLoss	CELoss	Total	LV_dc	LV_hd	MYO_dc	MYO_hd	RV_dc	RV_hd	
-0.889	0.0216	-0.867	0.9329	3.7009	0.8590	5.5487	0.8928	6.2472	
[1mEpoch [59][0m
GDLoss	CELoss	Total	LV_dc	LV_hd	MYO_dc	MYO_hd	RV_dc	RV_hd	
-0.890	0.0195	-0.870	0.9359	3.4602	0.8642	7.2366	0.8877	7.2015	
[1mEpoch [60][0m
GDLoss	CELoss	Total	LV_dc	LV_hd	MYO_dc	MYO_hd	RV_dc	RV_hd	
-0.896	0.0187	-0.877	0.9334	5.3360	0.8642	7.7883	0.9073	7.1850	
[1mEpoch [61][0m
GDLoss	CELoss	Total	LV_dc	LV_hd	MYO_dc	MYO_hd	RV_dc	RV_hd	
-0.887	0.0209	-0.866	0.9261	3.9850	0.8613	6.4106	0.8908	6.5618	
[1mEpoch [62][0m
GDLoss	CELoss	Total	LV_dc	LV_hd	MYO_dc	MYO_hd	RV_dc	RV_hd	
-0.893	0.0189	-0.874	0.9317	5.4808	0.8614	11.111	0.9032	6.4824	
[1mEpoch [63][0m
GDLoss	CELoss	Total	LV_dc	LV_hd	MYO_dc	MYO_hd	RV_dc	RV_hd	
-0.890	0.0205	-0.870	0.9314	4.1530	0.8627	6.7075	0.8946	6.4898	
[1mEpoch [64][0m
GDLoss	CELoss	Total	LV_dc	LV_hd	MYO_dc	MYO_hd	RV_dc	RV_hd	
-0.895	0.0180	-0.877	0.9364	6.7798	0.8639	11.999	0.9026	7.0009	
[1mEpoch [65][0m
GDLoss	CELoss	Total	LV_dc	LV_hd	MYO_dc	MYO_hd	RV_dc	RV_hd	
-0.894	0.0185	-0.876	0.9357	3.2951	0.8618	5.5548	0.9039	6.7190	
[1mEpoch [66][0m
GDLoss	CELoss	Total	LV_dc	LV_hd	MYO_dc	MYO_hd	RV_dc	RV_hd	
-0.891	0.0204	-0.870	0.9302	4.0592	0.8594	7.2620	0.8997	6.0433	
[1mEpoch [67][0m
GDLoss	CELoss	Total	LV_dc	LV_hd	MYO_dc	MYO_hd	RV_dc	RV_hd	
-0.896	0.0187	-0.877	0.9383	3.8835	0.8698	6.8479	0.9000	6.3519	
[1mEpoch [68][0m
GDLoss	CELoss	Total	LV_dc	LV_hd	MYO_dc	MYO_hd	RV_dc	RV_hd	
-0.893	0.0196	-0.874	0.9388	3.3484	0.8685	5.5628	0.8913	5.8966	
[1mEpoch [69][0m
GDLoss	CELoss	Total	LV_dc	LV_hd	MYO_dc	MYO_hd	RV_dc	RV_hd	
-0.895	0.0202	-0.875	0.9414	3.3850	0.8670	6.0217	0.8971	5.6567	
[1mEpoch [70][0m
GDLoss	CELoss	Total	LV_dc	LV_hd	MYO_dc	MYO_hd	RV_dc	RV_hd	
-0.884	0.0228	-0.861	0.9310	3.7141	0.8602	5.6587	0.8789	7.2186	
[1mEpoch [71][0m
GDLoss	CELoss	Total	LV_dc	LV_hd	MYO_dc	MYO_hd	RV_dc	RV_hd	
-0.890	0.0201	-0.870	0.9358	3.6169	0.8646	5.6469	0.8862	6.7720	
[1mEpoch [72][0m
GDLoss	CELoss	Total	LV_dc	LV_hd	MYO_dc	MYO_hd	RV_dc	RV_hd	
-0.891	0.0209	-0.871	0.9281	3.7536	0.8616	5.4387	0.9032	6.2614	
[1mEpoch [73][0m
GDLoss	CELoss	Total	LV_dc	LV_hd	MYO_dc	MYO_hd	RV_dc	RV_hd	
-0.897	0.0180	-0.879	0.9372	3.9800	0.8644	11.273	0.9072	5.9971	
[1mEpoch [74][0m
GDLoss	CELoss	Total	LV_dc	LV_hd	MYO_dc	MYO_hd	RV_dc	RV_hd	
-0.889	0.0216	-0.867	0.9314	4.0458	0.8620	7.0517	0.8906	5.9880	
[1mEpoch [75][0m
GDLoss	CELoss	Total	LV_dc	LV_hd	MYO_dc	MYO_hd	RV_dc	RV_hd	
-0.893	0.0197	-0.874	0.9407	3.4599	0.8702	6.4070	0.8883	6.8570	
[1mEpoch [76][0m
GDLoss	CELoss	Total	LV_dc	LV_hd	MYO_dc	MYO_hd	RV_dc	RV_hd	
-0.897	0.0189	-0.878	0.9395	3.6320	0.8652	5.8218	0.9037	7.3284	
[1mEpoch [77][0m
GDLoss	CELoss	Total	LV_dc	LV_hd	MYO_dc	MYO_hd	RV_dc	RV_hd	
-0.896	0.0188	-0.877	0.9413	3.5681	0.8679	7.7361	0.8980	5.6448	
[1mEpoch [78][0m
GDLoss	CELoss	Total	LV_dc	LV_hd	MYO_dc	MYO_hd	RV_dc	RV_hd	
-0.896	0.0188	-0.877	0.9380	3.5061	0.8689	5.5824	0.8974	5.9508	
[1mEpoch [79][0m
GDLoss	CELoss	Total	LV_dc	LV_hd	MYO_dc	MYO_hd	RV_dc	RV_hd	
-0.890	0.0206	-0.869	0.9340	3.5241	0.8603	5.8522	0.8938	6.0775	
[1mEpoch [80][0m
GDLoss	CELoss	Total	LV_dc	LV_hd	MYO_dc	MYO_hd	RV_dc	RV_hd	
-0.895	0.0190	-0.877	0.9354	3.9409	0.8631	6.7645	0.9058	6.1665	
[1mEpoch [81][0m
GDLoss	CELoss	Total	LV_dc	LV_hd	MYO_dc	MYO_hd	RV_dc	RV_hd	
-0.890	0.0210	-0.869	0.9305	3.7532	0.8631	5.5881	0.8939	6.0981	
[1mEpoch [82][0m
GDLoss	CELoss	Total	LV_dc	LV_hd	MYO_dc	MYO_hd	RV_dc	RV_hd	
-0.888	0.0205	-0.867	0.9254	3.9107	0.8616	5.8369	0.8928	6.3655	
[1mEpoch [83][0m
GDLoss	CELoss	Total	LV_dc	LV_hd	MYO_dc	MYO_hd	RV_dc	RV_hd	
-0.892	0.0196	-0.872	0.9268	3.7271	0.8595	5.4670	0.9055	6.9624	
[1mEpoch [84][0m
GDLoss	CELoss	Total	LV_dc	LV_hd	MYO_dc	MYO_hd	RV_dc	RV_hd	
-0.897	0.0179	-0.879	0.9369	3.6601	0.8685	5.8083	0.9033	7.5142	
[1mEpoch [85][0m
GDLoss	CELoss	Total	LV_dc	LV_hd	MYO_dc	MYO_hd	RV_dc	RV_hd	
-0.899	0.0190	-0.880	0.9370	3.2824	0.8664	5.7444	0.9101	5.6582	
[1mEpoch [86][0m
GDLoss	CELoss	Total	LV_dc	LV_hd	MYO_dc	MYO_hd	RV_dc	RV_hd	
-0.899	0.0181	-0.881	0.9391	3.5612	0.8664	6.3571	0.9086	5.1409	
[1mEpoch [87][0m
GDLoss	CELoss	Total	LV_dc	LV_hd	MYO_dc	MYO_hd	RV_dc	RV_hd	
-0.889	0.0201	-0.869	0.9357	3.7898	0.8567	5.7749	0.8936	8.2278	
[1mEpoch [88][0m
GDLoss	CELoss	Total	LV_dc	LV_hd	MYO_dc	MYO_hd	RV_dc	RV_hd	
-0.896	0.0194	-0.877	0.9431	3.7948	0.8678	7.8640	0.8968	7.2915	
[1mEpoch [89][0m
GDLoss	CELoss	Total	LV_dc	LV_hd	MYO_dc	MYO_hd	RV_dc	RV_hd	
-0.898	0.0178	-0.880	0.9415	3.6075	0.8667	6.7816	0.9049	7.3723	
[1mEpoch [90][0m
GDLoss	CELoss	Total	LV_dc	LV_hd	MYO_dc	MYO_hd	RV_dc	RV_hd	
-0.893	0.0195	-0.874	0.9299	4.0154	0.8635	6.2482	0.9029	8.6697	
[1mEpoch [91][0m
GDLoss	CELoss	Total	LV_dc	LV_hd	MYO_dc	MYO_hd	RV_dc	RV_hd	
-0.894	0.0191	-0.875	0.9348	10.340	0.8625	12.003	0.9065	6.2660	
[1mEpoch [92][0m
GDLoss	CELoss	Total	LV_dc	LV_hd	MYO_dc	MYO_hd	RV_dc	RV_hd	
-0.892	0.0198	-0.873	0.9295	4.6499	0.8644	7.2064	0.8996	6.4498	
[1mEpoch [93][0m
GDLoss	CELoss	Total	LV_dc	LV_hd	MYO_dc	MYO_hd	RV_dc	RV_hd	
-0.892	0.0197	-0.873	0.9306	5.0448	0.8676	7.1920	0.8978	6.9293	
[1mEpoch [94][0m
GDLoss	CELoss	Total	LV_dc	LV_hd	MYO_dc	MYO_hd	RV_dc	RV_hd	
-0.899	0.0183	-0.881	0.9369	3.3652	0.8680	6.8694	0.9102	6.1520	
[1mEpoch [95][0m
GDLoss	CELoss	Total	LV_dc	LV_hd	MYO_dc	MYO_hd	RV_dc	RV_hd	
-0.897	0.0194	-0.878	0.9374	3.4767	0.8674	5.6346	0.9035	8.4923	
[1mEpoch [96][0m
GDLoss	CELoss	Total	LV_dc	LV_hd	MYO_dc	MYO_hd	RV_dc	RV_hd	
-0.893	0.0194	-0.873	0.9335	3.7902	0.8649	6.0616	0.8990	7.8068	
[1mEpoch [97][0m
GDLoss	CELoss	Total	LV_dc	LV_hd	MYO_dc	MYO_hd	RV_dc	RV_hd	
-0.895	0.0211	-0.874	0.9352	3.4260	0.8625	5.9448	0.9021	6.1835	
[1mEpoch [98][0m
GDLoss	CELoss	Total	LV_dc	LV_hd	MYO_dc	MYO_hd	RV_dc	RV_hd	
-0.894	0.0204	-0.874	0.9406	3.4974	0.8641	5.8241	0.8968	5.4927	
[1mEpoch [99][0m
GDLoss	CELoss	Total	LV_dc	LV_hd	MYO_dc	MYO_hd	RV_dc	RV_hd	
-0.897	0.0195	-0.878	0.9342	4.4421	0.8674	7.4344	0.9082	5.8135	
[1mEpoch [100][0m
GDLoss	CELoss	Total	LV_dc	LV_hd	MYO_dc	MYO_hd	RV_dc	RV_hd	
-0.895	0.0194	-0.876	0.9339	3.5592	0.8647	6.0301	0.9056	6.2343	
[1mEpoch [101][0m
GDLoss	CELoss	Total	LV_dc	LV_hd	MYO_dc	MYO_hd	RV_dc	RV_hd	
-0.898	0.0196	-0.879	0.9406	3.4574	0.8703	5.7924	0.9009	5.7756	
[1mEpoch [102][0m
GDLoss	CELoss	Total	LV_dc	LV_hd	MYO_dc	MYO_hd	RV_dc	RV_hd	
-0.896	0.0201	-0.876	0.9415	3.4140	0.8670	5.6277	0.8968	6.4151	
[1mEpoch [103][0m
GDLoss	CELoss	Total	LV_dc	LV_hd	MYO_dc	MYO_hd	RV_dc	RV_hd	
-0.886	0.0221	-0.864	0.9299	3.6437	0.8635	5.7422	0.8821	5.9595	
[1mEpoch [104][0m
GDLoss	CELoss	Total	LV_dc	LV_hd	MYO_dc	MYO_hd	RV_dc	RV_hd	
-0.899	0.0176	-0.881	0.9369	3.7186	0.8673	5.5196	0.9109	6.7870	
[1mEpoch [105][0m
GDLoss	CELoss	Total	LV_dc	LV_hd	MYO_dc	MYO_hd	RV_dc	RV_hd	
-0.896	0.0181	-0.878	0.9382	3.4688	0.8685	5.7672	0.9017	6.5499	
[1mEpoch [106][0m
GDLoss	CELoss	Total	LV_dc	LV_hd	MYO_dc	MYO_hd	RV_dc	RV_hd	
-0.897	0.0182	-0.879	0.9406	3.3320	0.8680	5.6449	0.9028	6.0840	
[1mEpoch [107][0m
GDLoss	CELoss	Total	LV_dc	LV_hd	MYO_dc	MYO_hd	RV_dc	RV_hd	
-0.897	0.0191	-0.878	0.9377	3.6798	0.8691	6.0893	0.9040	5.6679	
[1mEpoch [108][0m
GDLoss	CELoss	Total	LV_dc	LV_hd	MYO_dc	MYO_hd	RV_dc	RV_hd	
-0.897	0.0198	-0.877	0.9387	3.4211	0.8681	5.8524	0.8993	6.4226	
[1mEpoch [109][0m
GDLoss	CELoss	Total	LV_dc	LV_hd	MYO_dc	MYO_hd	RV_dc	RV_hd	
-0.893	0.0198	-0.873	0.9339	4.2026	0.8623	6.8429	0.9001	5.9153	
[1mEpoch [110][0m
GDLoss	CELoss	Total	LV_dc	LV_hd	MYO_dc	MYO_hd	RV_dc	RV_hd	
-0.898	0.0178	-0.880	0.9399	5.9602	0.8710	7.4090	0.9031	5.6254	
[1mEpoch [111][0m
GDLoss	CELoss	Total	LV_dc	LV_hd	MYO_dc	MYO_hd	RV_dc	RV_hd	
-0.890	0.0225	-0.868	0.9271	3.7029	0.8587	5.6069	0.9014	6.6972	
[1mEpoch [112][0m
GDLoss	CELoss	Total	LV_dc	LV_hd	MYO_dc	MYO_hd	RV_dc	RV_hd	
-0.895	0.0192	-0.876	0.9330	3.5147	0.8609	5.4068	0.9074	8.3880	
[1mEpoch [113][0m
GDLoss	CELoss	Total	LV_dc	LV_hd	MYO_dc	MYO_hd	RV_dc	RV_hd	
-0.894	0.0192	-0.875	0.9376	3.4381	0.8684	5.6784	0.8945	6.3206	
[1mEpoch [114][0m
GDLoss	CELoss	Total	LV_dc	LV_hd	MYO_dc	MYO_hd	RV_dc	RV_hd	
-0.894	0.0195	-0.874	0.9304	3.7259	0.8680	7.4162	0.9003	6.7035	
[1mEpoch [115][0m
GDLoss	CELoss	Total	LV_dc	LV_hd	MYO_dc	MYO_hd	RV_dc	RV_hd	
-0.897	0.0183	-0.879	0.9379	5.3927	0.8673	7.4375	0.9052	8.0620	
[1mEpoch [116][0m
GDLoss	CELoss	Total	LV_dc	LV_hd	MYO_dc	MYO_hd	RV_dc	RV_hd	
-0.897	0.0191	-0.878	0.9364	3.8681	0.8687	6.3102	0.9045	6.7933	
[1mEpoch [117][0m
GDLoss	CELoss	Total	LV_dc	LV_hd	MYO_dc	MYO_hd	RV_dc	RV_hd	
-0.900	0.0178	-0.882	0.9418	3.3338	0.8720	5.7209	0.9039	6.5154	
[1mEpoch [118][0m
GDLoss	CELoss	Total	LV_dc	LV_hd	MYO_dc	MYO_hd	RV_dc	RV_hd	
-0.900	0.0181	-0.881	0.9378	3.6342	0.8686	5.9322	0.9092	8.3469	
[1mEpoch [119][0m
GDLoss	CELoss	Total	LV_dc	LV_hd	MYO_dc	MYO_hd	RV_dc	RV_hd	
-0.902	0.0170	-0.885	0.9429	3.4159	0.8733	5.5936	0.9085	6.3421	
[1mEpoch [120][0m
GDLoss	CELoss	Total	LV_dc	LV_hd	MYO_dc	MYO_hd	RV_dc	RV_hd	
-0.903	0.0175	-0.885	0.9401	3.3406	0.8711	5.6988	0.9147	6.4908	
[1mEpoch [121][0m
GDLoss	CELoss	Total	LV_dc	LV_hd	MYO_dc	MYO_hd	RV_dc	RV_hd	
-0.900	0.0180	-0.882	0.9424	3.3289	0.8717	5.1909	0.9036	6.1472	
[1mEpoch [122][0m
GDLoss	CELoss	Total	LV_dc	LV_hd	MYO_dc	MYO_hd	RV_dc	RV_hd	
-0.900	0.0179	-0.882	0.9411	4.2743	0.8674	6.4914	0.9080	5.7209	
[1mEpoch [123][0m
GDLoss	CELoss	Total	LV_dc	LV_hd	MYO_dc	MYO_hd	RV_dc	RV_hd	
-0.895	0.0201	-0.875	0.9322	3.8698	0.8645	6.0839	0.9039	6.0094	
[1mEpoch [124][0m
GDLoss	CELoss	Total	LV_dc	LV_hd	MYO_dc	MYO_hd	RV_dc	RV_hd	
-0.891	0.0197	-0.872	0.9381	3.3715	0.8675	5.8144	0.8875	inf	
[1mEpoch [125][0m
GDLoss	CELoss	Total	LV_dc	LV_hd	MYO_dc	MYO_hd	RV_dc	RV_hd	
-0.898	0.0187	-0.879	0.9326	3.9855	0.8683	5.7697	0.9092	7.7247	
[1mEpoch [126][0m
GDLoss	CELoss	Total	LV_dc	LV_hd	MYO_dc	MYO_hd	RV_dc	RV_hd	
-0.898	0.0186	-0.880	0.9373	3.6979	0.8668	5.5704	0.9076	7.8552	
[1mEpoch [127][0m
GDLoss	CELoss	Total	LV_dc	LV_hd	MYO_dc	MYO_hd	RV_dc	RV_hd	
-0.885	0.0236	-0.861	0.9312	3.9065	0.8593	6.5433	0.8815	6.4830	
[1mEpoch [128][0m
GDLoss	CELoss	Total	LV_dc	LV_hd	MYO_dc	MYO_hd	RV_dc	RV_hd	
-0.886	0.0220	-0.864	0.9318	3.6396	0.8616	5.6814	0.8816	7.3828	
[1mEpoch [129][0m
GDLoss	CELoss	Total	LV_dc	LV_hd	MYO_dc	MYO_hd	RV_dc	RV_hd	
-0.895	0.0198	-0.875	0.9365	5.2057	0.8626	8.6700	0.9007	9.9443	
[1mEpoch [130][0m
GDLoss	CELoss	Total	LV_dc	LV_hd	MYO_dc	MYO_hd	RV_dc	RV_hd	
-0.894	0.0202	-0.874	0.9388	3.5348	0.8672	6.5106	0.8949	6.2999	
[1mEpoch [131][0m
GDLoss	CELoss	Total	LV_dc	LV_hd	MYO_dc	MYO_hd	RV_dc	RV_hd	
-0.895	0.0208	-0.874	0.9313	4.1000	0.8677	5.8414	0.9013	7.5431	
[1mEpoch [132][0m
GDLoss	CELoss	Total	LV_dc	LV_hd	MYO_dc	MYO_hd	RV_dc	RV_hd	
-0.892	0.0207	-0.871	0.9381	4.1556	0.8671	6.4541	0.8902	6.9446	
[1mEpoch [133][0m
GDLoss	CELoss	Total	LV_dc	LV_hd	MYO_dc	MYO_hd	RV_dc	RV_hd	
-0.901	0.0182	-0.882	0.9416	3.3743	0.8693	6.4810	0.9083	5.6661	
[1mEpoch [134][0m
GDLoss	CELoss	Total	LV_dc	LV_hd	MYO_dc	MYO_hd	RV_dc	RV_hd	
-0.903	0.0173	-0.886	0.9426	4.9516	0.8724	6.6410	0.9127	6.5508	
[1mEpoch [135][0m
GDLoss	CELoss	Total	LV_dc	LV_hd	MYO_dc	MYO_hd	RV_dc	RV_hd	
-0.891	0.0209	-0.870	0.9317	3.8163	0.8648	5.6076	0.8927	5.9286	
[1mEpoch [136][0m
GDLoss	CELoss	Total	LV_dc	LV_hd	MYO_dc	MYO_hd	RV_dc	RV_hd	
-0.897	0.0192	-0.878	0.9414	4.5184	0.8703	7.2307	0.8966	5.6987	
[1mEpoch [137][0m
GDLoss	CELoss	Total	LV_dc	LV_hd	MYO_dc	MYO_hd	RV_dc	RV_hd	
-0.900	0.0185	-0.881	0.9394	3.8849	0.8701	5.4552	0.9048	7.1741	
[1mEpoch [138][0m
GDLoss	CELoss	Total	LV_dc	LV_hd	MYO_dc	MYO_hd	RV_dc	RV_hd	
-0.897	0.0188	-0.878	0.9385	3.5981	0.8684	7.3961	0.9009	5.9803	
[1mEpoch [139][0m
GDLoss	CELoss	Total	LV_dc	LV_hd	MYO_dc	MYO_hd	RV_dc	RV_hd	
-0.894	0.0201	-0.874	0.9246	3.8949	0.8634	5.5389	0.9102	6.5428	
[1mEpoch [140][0m
GDLoss	CELoss	Total	LV_dc	LV_hd	MYO_dc	MYO_hd	RV_dc	RV_hd	
-0.895	0.0211	-0.874	0.9370	3.7700	0.8704	5.5046	0.8942	5.7016	
[1mEpoch [141][0m
GDLoss	CELoss	Total	LV_dc	LV_hd	MYO_dc	MYO_hd	RV_dc	RV_hd	
-0.892	0.0218	-0.870	0.9389	3.4302	0.8663	5.3149	0.8876	5.5075	
[1mEpoch [142][0m
GDLoss	CELoss	Total	LV_dc	LV_hd	MYO_dc	MYO_hd	RV_dc	RV_hd	
-0.898	0.0187	-0.879	0.9384	3.4680	0.8648	6.5653	0.9078	6.9319	
[1mEpoch [143][0m
GDLoss	CELoss	Total	LV_dc	LV_hd	MYO_dc	MYO_hd	RV_dc	RV_hd	
-0.895	0.0200	-0.875	0.9385	3.2340	0.8669	6.7293	0.8985	6.5510	
[1mEpoch [144][0m
GDLoss	CELoss	Total	LV_dc	LV_hd	MYO_dc	MYO_hd	RV_dc	RV_hd	
-0.892	0.0208	-0.871	0.9354	3.8915	0.8670	5.8185	0.8910	6.7808	
[1mEpoch [145][0m
GDLoss	CELoss	Total	LV_dc	LV_hd	MYO_dc	MYO_hd	RV_dc	RV_hd	
-0.888	0.0217	-0.867	0.9269	4.0263	0.8584	8.2491	0.8972	6.2065	
[1mEpoch [146][0m
GDLoss	CELoss	Total	LV_dc	LV_hd	MYO_dc	MYO_hd	RV_dc	RV_hd	
-0.896	0.0199	-0.876	0.9355	3.7011	0.8662	7.4468	0.9026	6.8249	
[1mEpoch [147][0m
GDLoss	CELoss	Total	LV_dc	LV_hd	MYO_dc	MYO_hd	RV_dc	RV_hd	
-0.895	0.0219	-0.873	0.9357	3.9283	0.8656	7.4511	0.8980	7.1247	
[1mEpoch [148][0m
GDLoss	CELoss	Total	LV_dc	LV_hd	MYO_dc	MYO_hd	RV_dc	RV_hd	
-0.899	0.0184	-0.881	0.9391	4.9194	0.8688	6.8037	0.9067	6.9156	
[1mEpoch [149][0m
GDLoss	CELoss	Total	LV_dc	LV_hd	MYO_dc	MYO_hd	RV_dc	RV_hd	
-0.902	0.0166	-0.886	0.9397	5.8082	0.8735	6.9045	0.9118	6.3240	
[1mEpoch [150][0m
GDLoss	CELoss	Total	LV_dc	LV_hd	MYO_dc	MYO_hd	RV_dc	RV_hd	
-0.892	0.0190	-0.873	0.9373	4.3173	0.8667	6.8537	0.8922	5.6229	
[1mEpoch [151][0m
GDLoss	CELoss	Total	LV_dc	LV_hd	MYO_dc	MYO_hd	RV_dc	RV_hd	
-0.884	0.0222	-0.862	0.9283	3.7940	0.8601	5.9805	0.8819	5.8375	
[1mEpoch [152][0m
GDLoss	CELoss	Total	LV_dc	LV_hd	MYO_dc	MYO_hd	RV_dc	RV_hd	
-0.901	0.0181	-0.883	0.9395	3.6182	0.8706	5.6783	0.9095	5.7735	
[1mEpoch [153][0m
GDLoss	CELoss	Total	LV_dc	LV_hd	MYO_dc	MYO_hd	RV_dc	RV_hd	
-0.898	0.0191	-0.879	0.9372	3.9009	0.8715	5.5762	0.9009	5.4480	
[1mEpoch [154][0m
GDLoss	CELoss	Total	LV_dc	LV_hd	MYO_dc	MYO_hd	RV_dc	RV_hd	
-0.896	0.0194	-0.877	0.9362	3.4588	0.8700	5.9684	0.9004	6.5655	
[1mEpoch [155][0m
GDLoss	CELoss	Total	LV_dc	LV_hd	MYO_dc	MYO_hd	RV_dc	RV_hd	
-0.895	0.0196	-0.875	0.9386	4.0633	0.8666	6.1921	0.8958	6.5954	
[1mEpoch [156][0m
GDLoss	CELoss	Total	LV_dc	LV_hd	MYO_dc	MYO_hd	RV_dc	RV_hd	
-0.895	0.0196	-0.876	0.9371	3.9136	0.8690	6.5592	0.8968	6.3323	
[1mEpoch [157][0m
GDLoss	CELoss	Total	LV_dc	LV_hd	MYO_dc	MYO_hd	RV_dc	RV_hd	
-0.889	0.0231	-0.866	0.9293	3.3896	0.8579	7.0773	0.8965	inf	
[1mEpoch [158][0m
GDLoss	CELoss	Total	LV_dc	LV_hd	MYO_dc	MYO_hd	RV_dc	RV_hd	
-0.893	0.0193	-0.874	0.9311	3.7527	0.8645	6.7915	0.9036	6.2939	
[1mEpoch [159][0m
GDLoss	CELoss	Total	LV_dc	LV_hd	MYO_dc	MYO_hd	RV_dc	RV_hd	
-0.893	0.0222	-0.871	0.9370	4.5619	0.8683	7.1078	0.8908	7.6641	
[1mEpoch [160][0m
GDLoss	CELoss	Total	LV_dc	LV_hd	MYO_dc	MYO_hd	RV_dc	RV_hd	
-0.896	0.0200	-0.876	0.9366	3.7789	0.8678	6.1866	0.9014	6.5353	
[1mEpoch [161][0m
GDLoss	CELoss	Total	LV_dc	LV_hd	MYO_dc	MYO_hd	RV_dc	RV_hd	
-0.901	0.0183	-0.883	0.9393	4.0258	0.8735	5.8691	0.9073	5.6264	
[1mEpoch [162][0m
GDLoss	CELoss	Total	LV_dc	LV_hd	MYO_dc	MYO_hd	RV_dc	RV_hd	
-0.895	0.0210	-0.874	0.9350	3.3862	0.8668	5.6014	0.8969	6.6061	
[1mEpoch [163][0m
GDLoss	CELoss	Total	LV_dc	LV_hd	MYO_dc	MYO_hd	RV_dc	RV_hd	
-0.895	0.0211	-0.874	0.9343	3.7722	0.8656	5.5665	0.9028	5.7567	
[1mEpoch [164][0m
GDLoss	CELoss	Total	LV_dc	LV_hd	MYO_dc	MYO_hd	RV_dc	RV_hd	
-0.900	0.0174	-0.883	0.9389	3.9654	0.8692	6.0763	0.9120	7.0645	
[1mEpoch [165][0m
GDLoss	CELoss	Total	LV_dc	LV_hd	MYO_dc	MYO_hd	RV_dc	RV_hd	
-0.896	0.0203	-0.875	0.9417	3.7090	0.8685	5.9795	0.8924	8.4420	
[1mEpoch [166][0m
GDLoss	CELoss	Total	LV_dc	LV_hd	MYO_dc	MYO_hd	RV_dc	RV_hd	
-0.902	0.0177	-0.884	0.9406	3.4533	0.8718	6.4164	0.9108	5.7795	
[1mEpoch [167][0m
GDLoss	CELoss	Total	LV_dc	LV_hd	MYO_dc	MYO_hd	RV_dc	RV_hd	
-0.897	0.0222	-0.875	0.9404	3.3046	0.8699	5.8268	0.8971	5.5047	
[1mEpoch [168][0m
GDLoss	CELoss	Total	LV_dc	LV_hd	MYO_dc	MYO_hd	RV_dc	RV_hd	
-0.901	0.0193	-0.882	0.9392	4.1540	0.8707	6.3267	0.9105	5.2080	
[1mEpoch [169][0m
GDLoss	CELoss	Total	LV_dc	LV_hd	MYO_dc	MYO_hd	RV_dc	RV_hd	
-0.899	0.0181	-0.881	0.9426	3.5359	0.8743	5.5154	0.8999	7.1443	
[1mEpoch [170][0m
GDLoss	CELoss	Total	LV_dc	LV_hd	MYO_dc	MYO_hd	RV_dc	RV_hd	
-0.898	0.0201	-0.878	0.9372	4.8999	0.8668	7.5004	0.9053	5.5083	
[1mEpoch [171][0m
GDLoss	CELoss	Total	LV_dc	LV_hd	MYO_dc	MYO_hd	RV_dc	RV_hd	
-0.900	0.0184	-0.881	0.9401	5.7038	0.8732	8.5969	0.9035	5.5689	
[1mEpoch [172][0m
GDLoss	CELoss	Total	LV_dc	LV_hd	MYO_dc	MYO_hd	RV_dc	RV_hd	
-0.895	0.0207	-0.875	0.9265	4.7506	0.8647	5.8347	0.9105	5.3603	
[1mEpoch [173][0m
GDLoss	CELoss	Total	LV_dc	LV_hd	MYO_dc	MYO_hd	RV_dc	RV_hd	
-0.897	0.0195	-0.878	0.9332	4.7452	0.8641	6.5552	0.9098	6.4702	
[1mEpoch [174][0m
GDLoss	CELoss	Total	LV_dc	LV_hd	MYO_dc	MYO_hd	RV_dc	RV_hd	
-0.895	0.0207	-0.874	0.9341	3.8968	0.8685	5.8524	0.8990	5.6895	
[1mEpoch [175][0m
GDLoss	CELoss	Total	LV_dc	LV_hd	MYO_dc	MYO_hd	RV_dc	RV_hd	
-0.899	0.0179	-0.881	0.9403	6.5512	0.8718	9.0148	0.9034	7.2859	
[1mEpoch [176][0m
GDLoss	CELoss	Total	LV_dc	LV_hd	MYO_dc	MYO_hd	RV_dc	RV_hd	
-0.895	0.0189	-0.876	0.9375	8.2008	0.8698	13.253	0.8961	7.3580	
[1mEpoch [177][0m
GDLoss	CELoss	Total	LV_dc	LV_hd	MYO_dc	MYO_hd	RV_dc	RV_hd	
-0.903	0.0170	-0.886	0.9403	4.4354	0.8725	6.3510	0.9138	5.9961	
[1mEpoch [178][0m
GDLoss	CELoss	Total	LV_dc	LV_hd	MYO_dc	MYO_hd	RV_dc	RV_hd	
-0.899	0.0187	-0.880	0.9385	3.3651	0.8692	5.7771	0.9056	5.8100	
[1mEpoch [179][0m
GDLoss	CELoss	Total	LV_dc	LV_hd	MYO_dc	MYO_hd	RV_dc	RV_hd	
-0.898	0.0190	-0.879	0.9392	3.4836	0.8727	5.2576	0.8993	5.8815	
[1mEpoch [180][0m
GDLoss	CELoss	Total	LV_dc	LV_hd	MYO_dc	MYO_hd	RV_dc	RV_hd	
-0.902	0.0183	-0.883	0.9403	3.5448	0.8710	6.7137	0.9096	5.2097	
[1mEpoch [181][0m
GDLoss	CELoss	Total	LV_dc	LV_hd	MYO_dc	MYO_hd	RV_dc	RV_hd	
-0.906	0.0171	-0.888	0.9456	4.3976	0.8757	7.2003	0.9126	5.9753	
[1mEpoch [182][0m
GDLoss	CELoss	Total	LV_dc	LV_hd	MYO_dc	MYO_hd	RV_dc	RV_hd	
-0.902	0.0185	-0.883	0.9409	4.4496	0.8732	6.7321	0.9067	5.4006	
[1mEpoch [183][0m
GDLoss	CELoss	Total	LV_dc	LV_hd	MYO_dc	MYO_hd	RV_dc	RV_hd	
-0.898	0.0197	-0.878	0.9372	3.8844	0.8671	5.6618	0.9061	5.9510	
[1mEpoch [184][0m
GDLoss	CELoss	Total	LV_dc	LV_hd	MYO_dc	MYO_hd	RV_dc	RV_hd	
-0.899	0.0180	-0.881	0.9418	3.4699	0.8663	6.0754	0.9061	6.0856	
[1mEpoch [185][0m
GDLoss	CELoss	Total	LV_dc	LV_hd	MYO_dc	MYO_hd	RV_dc	RV_hd	
-0.896	0.0192	-0.877	0.9389	6.4904	0.8643	15.728	0.9018	8.7493	
[1mEpoch [186][0m
GDLoss	CELoss	Total	LV_dc	LV_hd	MYO_dc	MYO_hd	RV_dc	RV_hd	
-0.901	0.0184	-0.883	0.9422	4.0488	0.8732	6.2074	0.9040	5.7773	
[1mEpoch [187][0m
GDLoss	CELoss	Total	LV_dc	LV_hd	MYO_dc	MYO_hd	RV_dc	RV_hd	
-0.898	0.0185	-0.880	0.9379	6.4172	0.8720	7.9103	0.9027	7.3813	
[1mEpoch [188][0m
GDLoss	CELoss	Total	LV_dc	LV_hd	MYO_dc	MYO_hd	RV_dc	RV_hd	
-0.900	0.0187	-0.881	0.9406	4.1194	0.8737	5.9193	0.9020	5.8498	
[1mEpoch [189][0m
GDLoss	CELoss	Total	LV_dc	LV_hd	MYO_dc	MYO_hd	RV_dc	RV_hd	
-0.900	0.0190	-0.881	0.9391	4.4672	0.8710	6.5558	0.9052	7.6302	
[1mEpoch [190][0m
GDLoss	CELoss	Total	LV_dc	LV_hd	MYO_dc	MYO_hd	RV_dc	RV_hd	
-0.898	0.0196	-0.878	0.9423	3.9996	0.8671	6.5866	0.8996	6.2888	
[1mEpoch [191][0m
GDLoss	CELoss	Total	LV_dc	LV_hd	MYO_dc	MYO_hd	RV_dc	RV_hd	
-0.903	0.0188	-0.884	0.9386	4.9493	0.8708	7.0163	0.9151	5.7320	
[1mEpoch [192][0m
GDLoss	CELoss	Total	LV_dc	LV_hd	MYO_dc	MYO_hd	RV_dc	RV_hd	
-0.893	0.0216	-0.872	0.9363	4.1441	0.8671	6.3799	0.8911	6.4029	
[1mEpoch [193][0m
GDLoss	CELoss	Total	LV_dc	LV_hd	MYO_dc	MYO_hd	RV_dc	RV_hd	
-0.900	0.0187	-0.882	0.9383	3.9192	0.8692	7.0683	0.9097	8.4455	
[1mEpoch [194][0m
GDLoss	CELoss	Total	LV_dc	LV_hd	MYO_dc	MYO_hd	RV_dc	RV_hd	
-0.900	0.0179	-0.883	0.9424	3.9724	0.8716	6.0290	0.9047	5.7534	
[1mEpoch [195][0m
GDLoss	CELoss	Total	LV_dc	LV_hd	MYO_dc	MYO_hd	RV_dc	RV_hd	
-0.895	0.0205	-0.875	0.9421	3.5415	0.8702	5.9918	0.8898	6.0662	
[1mEpoch [196][0m
GDLoss	CELoss	Total	LV_dc	LV_hd	MYO_dc	MYO_hd	RV_dc	RV_hd	
-0.896	0.0227	-0.874	0.9425	4.0070	0.8743	6.4373	0.8885	6.1517	
[1mEpoch [197][0m
GDLoss	CELoss	Total	LV_dc	LV_hd	MYO_dc	MYO_hd	RV_dc	RV_hd	
-0.901	0.0187	-0.883	0.9396	3.9586	0.8689	5.9877	0.9110	5.8044	
[1mEpoch [198][0m
GDLoss	CELoss	Total	LV_dc	LV_hd	MYO_dc	MYO_hd	RV_dc	RV_hd	
-0.900	0.0178	-0.882	0.9417	4.5819	0.8713	6.5133	0.9030	6.4568	
[1mEpoch [199][0m
GDLoss	CELoss	Total	LV_dc	LV_hd	MYO_dc	MYO_hd	RV_dc	RV_hd	
-0.894	0.0200	-0.874	0.9377	3.7984	0.8653	6.3556	0.8976	7.4322	
[1mEpoch [200][0m
GDLoss	CELoss	Total	LV_dc	LV_hd	MYO_dc	MYO_hd	RV_dc	RV_hd	
-0.901	0.0173	-0.884	0.9434	4.2407	0.8710	7.3628	0.9073	6.5911	
[1mEpoch [201][0m
GDLoss	CELoss	Total	LV_dc	LV_hd	MYO_dc	MYO_hd	RV_dc	RV_hd	
-0.891	0.0219	-0.869	0.9305	3.9621	0.8596	6.1208	0.8973	5.4266	
[1mEpoch [202][0m
GDLoss	CELoss	Total	LV_dc	LV_hd	MYO_dc	MYO_hd	RV_dc	RV_hd	
-0.905	0.0177	-0.887	0.9429	3.9687	0.8729	7.4019	0.9142	6.3913	
[1mEpoch [203][0m
GDLoss	CELoss	Total	LV_dc	LV_hd	MYO_dc	MYO_hd	RV_dc	RV_hd	
-0.895	0.0200	-0.875	0.9418	4.6012	0.8690	7.7006	0.8920	6.0083	
[1mEpoch [204][0m
GDLoss	CELoss	Total	LV_dc	LV_hd	MYO_dc	MYO_hd	RV_dc	RV_hd	
-0.901	0.0191	-0.882	0.9410	3.9639	0.8725	6.8105	0.9046	5.7910	
[1mEpoch [205][0m
GDLoss	CELoss	Total	LV_dc	LV_hd	MYO_dc	MYO_hd	RV_dc	RV_hd	
-0.897	0.0212	-0.875	0.9352	3.3515	0.8630	6.8872	0.9071	7.4713	
[1mEpoch [206][0m
GDLoss	CELoss	Total	LV_dc	LV_hd	MYO_dc	MYO_hd	RV_dc	RV_hd	
-0.904	0.0179	-0.886	0.9406	7.1546	0.8713	8.6483	0.9138	6.4663	
[1mEpoch [207][0m
GDLoss	CELoss	Total	LV_dc	LV_hd	MYO_dc	MYO_hd	RV_dc	RV_hd	
-0.902	0.0185	-0.884	0.9406	4.8567	0.8719	7.2997	0.9088	5.9537	
[1mEpoch [208][0m
GDLoss	CELoss	Total	LV_dc	LV_hd	MYO_dc	MYO_hd	RV_dc	RV_hd	
-0.899	0.0201	-0.879	0.9395	3.6685	0.8672	5.8096	0.9052	7.6080	
[1mEpoch [209][0m
GDLoss	CELoss	Total	LV_dc	LV_hd	MYO_dc	MYO_hd	RV_dc	RV_hd	
-0.897	0.0197	-0.878	0.9381	3.8325	0.8683	5.8955	0.9019	5.3372	
[1mEpoch [210][0m
GDLoss	CELoss	Total	LV_dc	LV_hd	MYO_dc	MYO_hd	RV_dc	RV_hd	
-0.901	0.0191	-0.882	0.9434	3.3347	0.8702	5.9969	0.9062	5.1693	
[1mEpoch [211][0m
GDLoss	CELoss	Total	LV_dc	LV_hd	MYO_dc	MYO_hd	RV_dc	RV_hd	
-0.894	0.0221	-0.872	0.9311	5.3399	0.8704	6.9115	0.8942	6.1669	
[1mEpoch [212][0m
GDLoss	CELoss	Total	LV_dc	LV_hd	MYO_dc	MYO_hd	RV_dc	RV_hd	
-0.902	0.0183	-0.883	0.9434	3.7596	0.8725	5.9537	0.9049	5.7533	
[1mEpoch [213][0m
GDLoss	CELoss	Total	LV_dc	LV_hd	MYO_dc	MYO_hd	RV_dc	RV_hd	
-0.897	0.0195	-0.878	0.9383	4.1641	0.8662	6.1442	0.9036	10.246	
[1mEpoch [214][0m
GDLoss	CELoss	Total	LV_dc	LV_hd	MYO_dc	MYO_hd	RV_dc	RV_hd	
-0.900	0.0185	-0.882	0.9385	4.4207	0.8679	7.2012	0.9088	7.7376	
[1mEpoch [215][0m
GDLoss	CELoss	Total	LV_dc	LV_hd	MYO_dc	MYO_hd	RV_dc	RV_hd	
-0.903	0.0175	-0.886	0.9426	3.5445	0.8711	6.0867	0.9128	5.5196	
[1mEpoch [216][0m
GDLoss	CELoss	Total	LV_dc	LV_hd	MYO_dc	MYO_hd	RV_dc	RV_hd	
-0.897	0.0200	-0.877	0.9422	3.8656	0.8693	7.5339	0.8945	5.9760	
[1mEpoch [217][0m
GDLoss	CELoss	Total	LV_dc	LV_hd	MYO_dc	MYO_hd	RV_dc	RV_hd	
-0.899	0.0192	-0.879	0.9382	3.7144	0.8666	6.7558	0.9072	5.7033	
[1mEpoch [218][0m
GDLoss	CELoss	Total	LV_dc	LV_hd	MYO_dc	MYO_hd	RV_dc	RV_hd	
-0.895	0.0202	-0.875	0.9401	3.6015	0.8594	5.9210	0.9015	5.3998	
[1mEpoch [219][0m
GDLoss	CELoss	Total	LV_dc	LV_hd	MYO_dc	MYO_hd	RV_dc	RV_hd	
-0.897	0.0197	-0.878	0.9365	3.8260	0.8689	5.9607	0.9031	6.5376	
[1mEpoch [220][0m
GDLoss	CELoss	Total	LV_dc	LV_hd	MYO_dc	MYO_hd	RV_dc	RV_hd	
-0.883	0.0217	-0.862	0.9255	9.4677	0.8516	13.172	0.8908	13.201	
[1mEpoch [221][0m
GDLoss	CELoss	Total	LV_dc	LV_hd	MYO_dc	MYO_hd	RV_dc	RV_hd	
-0.899	0.0189	-0.880	0.9361	6.3400	0.8659	6.8926	0.9106	6.1823	
[1mEpoch [222][0m
GDLoss	CELoss	Total	LV_dc	LV_hd	MYO_dc	MYO_hd	RV_dc	RV_hd	
-0.904	0.0177	-0.886	0.9430	3.6500	0.8694	6.4758	0.9148	5.9044	
[1mEpoch [223][0m
GDLoss	CELoss	Total	LV_dc	LV_hd	MYO_dc	MYO_hd	RV_dc	RV_hd	
-0.894	0.0208	-0.873	0.9308	3.6312	0.8654	5.7380	0.9013	6.0499	
[1mEpoch [224][0m
GDLoss	CELoss	Total	LV_dc	LV_hd	MYO_dc	MYO_hd	RV_dc	RV_hd	
-0.894	0.0214	-0.872	0.9359	3.7206	0.8661	5.9362	0.8954	6.2660	
[1mEpoch [225][0m
GDLoss	CELoss	Total	LV_dc	LV_hd	MYO_dc	MYO_hd	RV_dc	RV_hd	
-0.897	0.0209	-0.876	0.9382	7.0511	0.8677	9.7155	0.9018	6.7196	
[1mEpoch [226][0m
GDLoss	CELoss	Total	LV_dc	LV_hd	MYO_dc	MYO_hd	RV_dc	RV_hd	
-0.897	0.0211	-0.876	0.9315	3.9705	0.8640	6.3466	0.9124	5.2259	
[1mEpoch [227][0m
GDLoss	CELoss	Total	LV_dc	LV_hd	MYO_dc	MYO_hd	RV_dc	RV_hd	
-0.900	0.0184	-0.882	0.9392	4.9268	0.8712	7.0241	0.9052	5.4225	
[1mEpoch [228][0m
GDLoss	CELoss	Total	LV_dc	LV_hd	MYO_dc	MYO_hd	RV_dc	RV_hd	
-0.899	0.0182	-0.881	0.9433	3.4929	0.8689	6.0538	0.9012	6.0997	
[1mEpoch [229][0m
GDLoss	CELoss	Total	LV_dc	LV_hd	MYO_dc	MYO_hd	RV_dc	RV_hd	
-0.896	0.0206	-0.876	0.9395	4.2624	0.8672	6.9319	0.8974	6.1141	
[1mEpoch [230][0m
GDLoss	CELoss	Total	LV_dc	LV_hd	MYO_dc	MYO_hd	RV_dc	RV_hd	
-0.900	0.0179	-0.882	0.9402	6.1927	0.8668	8.2523	0.9083	5.8249	
[1mEpoch [231][0m
GDLoss	CELoss	Total	LV_dc	LV_hd	MYO_dc	MYO_hd	RV_dc	RV_hd	
-0.899	0.0186	-0.881	0.9357	3.9744	0.8682	6.0062	0.9088	5.7385	
[1mEpoch [232][0m
GDLoss	CELoss	Total	LV_dc	LV_hd	MYO_dc	MYO_hd	RV_dc	RV_hd	
-0.901	0.0186	-0.883	0.9395	3.6355	0.8669	6.0042	0.9122	5.2361	
[1mEpoch [233][0m
GDLoss	CELoss	Total	LV_dc	LV_hd	MYO_dc	MYO_hd	RV_dc	RV_hd	
-0.899	0.0180	-0.881	0.9433	3.4526	0.8720	5.5887	0.8986	5.3215	
[1mEpoch [234][0m
GDLoss	CELoss	Total	LV_dc	LV_hd	MYO_dc	MYO_hd	RV_dc	RV_hd	
-0.902	0.0182	-0.884	0.9413	3.4190	0.8708	6.1067	0.9088	5.1552	
[1mEpoch [235][0m
GDLoss	CELoss	Total	LV_dc	LV_hd	MYO_dc	MYO_hd	RV_dc	RV_hd	
-0.901	0.0193	-0.882	0.9405	3.8392	0.8709	6.0408	0.9054	5.6491	
[1mEpoch [236][0m
GDLoss	CELoss	Total	LV_dc	LV_hd	MYO_dc	MYO_hd	RV_dc	RV_hd	
-0.901	0.0181	-0.883	0.9405	5.5308	0.8676	12.467	0.9112	5.5501	
[1mEpoch [237][0m
GDLoss	CELoss	Total	LV_dc	LV_hd	MYO_dc	MYO_hd	RV_dc	RV_hd	
-0.897	0.0206	-0.876	0.9414	3.6414	0.8714	6.9447	0.8937	6.2888	
[1mEpoch [238][0m
GDLoss	CELoss	Total	LV_dc	LV_hd	MYO_dc	MYO_hd	RV_dc	RV_hd	
-0.894	0.0207	-0.874	0.9359	5.9398	0.8639	7.0316	0.8976	inf	
[1mEpoch [239][0m
GDLoss	CELoss	Total	LV_dc	LV_hd	MYO_dc	MYO_hd	RV_dc	RV_hd	
-0.898	0.0193	-0.879	0.9409	3.8278	0.8712	6.1876	0.8962	inf	
[1mEpoch [240][0m
GDLoss	CELoss	Total	LV_dc	LV_hd	MYO_dc	MYO_hd	RV_dc	RV_hd	
-0.906	0.0183	-0.888	0.9443	3.5226	0.8750	6.2834	0.9126	6.2817	
[1mEpoch [241][0m
GDLoss	CELoss	Total	LV_dc	LV_hd	MYO_dc	MYO_hd	RV_dc	RV_hd	
-0.897	0.0204	-0.877	0.9402	3.3392	0.8656	5.8820	0.9020	6.5844	
[1mEpoch [242][0m
GDLoss	CELoss	Total	LV_dc	LV_hd	MYO_dc	MYO_hd	RV_dc	RV_hd	
-0.896	0.0191	-0.877	0.9368	3.4490	0.8655	5.9602	0.9022	5.6016	
[1mEpoch [243][0m
GDLoss	CELoss	Total	LV_dc	LV_hd	MYO_dc	MYO_hd	RV_dc	RV_hd	
-0.901	0.0196	-0.882	0.9411	4.3134	0.8703	6.9173	0.9065	6.3697	
[1mEpoch [244][0m
GDLoss	CELoss	Total	LV_dc	LV_hd	MYO_dc	MYO_hd	RV_dc	RV_hd	
-0.897	0.0200	-0.877	0.9395	3.9130	0.8659	6.2996	0.9044	5.6431	
[1mEpoch [245][0m
GDLoss	CELoss	Total	LV_dc	LV_hd	MYO_dc	MYO_hd	RV_dc	RV_hd	
-0.900	0.0203	-0.880	0.9418	4.4022	0.8707	7.4149	0.9025	6.1266	
[1mEpoch [246][0m
GDLoss	CELoss	Total	LV_dc	LV_hd	MYO_dc	MYO_hd	RV_dc	RV_hd	
-0.898	0.0214	-0.876	0.9378	3.6101	0.8648	5.9157	0.9035	5.9428	
[1mEpoch [247][0m
GDLoss	CELoss	Total	LV_dc	LV_hd	MYO_dc	MYO_hd	RV_dc	RV_hd	
-0.899	0.0184	-0.880	0.9400	4.2375	0.8688	7.3502	0.9031	6.2955	
[1mEpoch [248][0m
GDLoss	CELoss	Total	LV_dc	LV_hd	MYO_dc	MYO_hd	RV_dc	RV_hd	
-0.900	0.0193	-0.880	0.9413	4.2246	0.8687	6.5403	0.9051	5.3274	
[1mEpoch [249][0m
GDLoss	CELoss	Total	LV_dc	LV_hd	MYO_dc	MYO_hd	RV_dc	RV_hd	
-0.902	0.0197	-0.882	0.9397	3.5355	0.8724	5.8200	0.9075	5.4998	
[1mEpoch [init][0m
GDLoss	CELoss	Total	LV_dc	LV_hd	MYO_dc	MYO_hd	RV_dc	RV_hd	
-0.047	2.6995	2.6518	0.1181	178.02	0.0005	inf	0.0254	199.89	
[1mEpoch [1][0m
GDLoss	CELoss	Total	LV_dc	LV_hd	MYO_dc	MYO_hd	RV_dc	RV_hd	
-0.064	0.3984	0.3336	0.0652	137.47	0.0000	inf	0.0175	157.78	
[1mEpoch [2][0m
GDLoss	CELoss	Total	LV_dc	LV_hd	MYO_dc	MYO_hd	RV_dc	RV_hd	
-0.068	0.3245	0.2556	0.0000	inf	0.0000	inf	0.0000	inf	
[1mEpoch [3][0m
GDLoss	CELoss	Total	LV_dc	LV_hd	MYO_dc	MYO_hd	RV_dc	RV_hd	
-0.084	0.3410	0.2568	0.0009	inf	0.0000	inf	0.0000	inf	
[1mEpoch [4][0m
GDLoss	CELoss	Total	LV_dc	LV_hd	MYO_dc	MYO_hd	RV_dc	RV_hd	
-0.091	0.3232	0.2319	0.0005	inf	0.0000	inf	0.0000	inf	
[1mEpoch [5][0m
GDLoss	CELoss	Total	LV_dc	LV_hd	MYO_dc	MYO_hd	RV_dc	RV_hd	
-0.092	0.2863	0.1942	0.0000	inf	0.0000	inf	0.0000	inf	
[1mEpoch [6][0m
GDLoss	CELoss	Total	LV_dc	LV_hd	MYO_dc	MYO_hd	RV_dc	RV_hd	
-0.101	0.2675	0.1660	0.0000	inf	0.0000	inf	0.0000	inf	
[1mEpoch [7][0m
GDLoss	CELoss	Total	LV_dc	LV_hd	MYO_dc	MYO_hd	RV_dc	RV_hd	
-0.126	0.2514	0.1253	0.0093	inf	0.0002	inf	0.0000	inf	
[1mEpoch [8][0m
GDLoss	CELoss	Total	LV_dc	LV_hd	MYO_dc	MYO_hd	RV_dc	RV_hd	
-0.161	0.2237	0.0618	0.3424	77.720	0.0259	inf	0.0000	inf	
[1mEpoch [9][0m
GDLoss	CELoss	Total	LV_dc	LV_hd	MYO_dc	MYO_hd	RV_dc	RV_hd	
-0.194	0.1925	-0.001	0.4333	63.238	0.0339	inf	0.0000	inf	
[1mEpoch [10][0m
GDLoss	CELoss	Total	LV_dc	LV_hd	MYO_dc	MYO_hd	RV_dc	RV_hd	
-0.212	0.1953	-0.016	0.4396	66.455	0.0804	inf	0.0000	inf	
[1mEpoch [11][0m
GDLoss	CELoss	Total	LV_dc	LV_hd	MYO_dc	MYO_hd	RV_dc	RV_hd	
-0.217	0.1892	-0.028	0.4398	63.474	0.0631	inf	0.0000	inf	
[1mEpoch [12][0m
GDLoss	CELoss	Total	LV_dc	LV_hd	MYO_dc	MYO_hd	RV_dc	RV_hd	
-0.251	0.1604	-0.090	0.5223	52.917	0.0159	inf	0.0000	inf	
[1mEpoch [13][0m
GDLoss	CELoss	Total	LV_dc	LV_hd	MYO_dc	MYO_hd	RV_dc	RV_hd	
-0.272	0.1677	-0.105	0.5315	inf	0.1140	inf	0.0002	inf	
[1mEpoch [14][0m
GDLoss	CELoss	Total	LV_dc	LV_hd	MYO_dc	MYO_hd	RV_dc	RV_hd	
-0.290	0.1516	-0.138	0.5462	56.503	0.2037	46.303	0.0035	inf	
[1mEpoch [15][0m
GDLoss	CELoss	Total	LV_dc	LV_hd	MYO_dc	MYO_hd	RV_dc	RV_hd	
-0.341	0.1277	-0.213	0.7148	33.871	0.0715	inf	0.0612	inf	
[1mEpoch [16][0m
GDLoss	CELoss	Total	LV_dc	LV_hd	MYO_dc	MYO_hd	RV_dc	RV_hd	
-0.368	0.1261	-0.241	0.6788	41.511	0.2380	inf	0.1974	49.304	
[1mEpoch [17][0m
GDLoss	CELoss	Total	LV_dc	LV_hd	MYO_dc	MYO_hd	RV_dc	RV_hd	
-0.427	0.1332	-0.294	0.7387	32.666	0.3998	31.493	0.3311	49.083	
[1mEpoch [18][0m
GDLoss	CELoss	Total	LV_dc	LV_hd	MYO_dc	MYO_hd	RV_dc	RV_hd	
-0.513	0.1164	-0.397	0.8205	26.096	0.5439	39.652	0.5076	55.991	
[1mEpoch [19][0m
GDLoss	CELoss	Total	LV_dc	LV_hd	MYO_dc	MYO_hd	RV_dc	RV_hd	
-0.564	0.1162	-0.448	0.7736	30.217	0.5770	35.146	0.5052	53.883	
[1mEpoch [20][0m
GDLoss	CELoss	Total	LV_dc	LV_hd	MYO_dc	MYO_hd	RV_dc	RV_hd	
-0.621	0.1382	-0.483	0.8241	19.022	0.5691	44.475	0.5848	55.110	
[1mEpoch [21][0m
GDLoss	CELoss	Total	LV_dc	LV_hd	MYO_dc	MYO_hd	RV_dc	RV_hd	
-0.657	0.1236	-0.533	0.8246	13.719	0.6363	30.479	0.5828	51.704	
[1mEpoch [22][0m
GDLoss	CELoss	Total	LV_dc	LV_hd	MYO_dc	MYO_hd	RV_dc	RV_hd	
-0.695	0.1296	-0.566	0.8584	13.421	0.6513	28.642	0.6371	52.143	
[1mEpoch [23][0m
GDLoss	CELoss	Total	LV_dc	LV_hd	MYO_dc	MYO_hd	RV_dc	RV_hd	
-0.713	0.0999	-0.613	0.8480	16.363	0.6777	41.701	0.6780	49.338	
[1mEpoch [24][0m
GDLoss	CELoss	Total	LV_dc	LV_hd	MYO_dc	MYO_hd	RV_dc	RV_hd	
-0.751	0.0786	-0.673	0.8751	11.137	0.7075	27.149	0.7454	50.648	
[1mEpoch [25][0m
GDLoss	CELoss	Total	LV_dc	LV_hd	MYO_dc	MYO_hd	RV_dc	RV_hd	
-0.759	0.0857	-0.673	0.8701	15.795	0.7191	28.335	0.7539	48.046	
[1mEpoch [26][0m
GDLoss	CELoss	Total	LV_dc	LV_hd	MYO_dc	MYO_hd	RV_dc	RV_hd	
-0.764	0.1059	-0.658	0.8666	16.936	0.7213	27.753	0.7500	43.781	
[1mEpoch [27][0m
GDLoss	CELoss	Total	LV_dc	LV_hd	MYO_dc	MYO_hd	RV_dc	RV_hd	
-0.815	0.0585	-0.756	0.9121	8.0446	0.7659	15.096	0.8163	26.467	
[1mEpoch [28][0m
GDLoss	CELoss	Total	LV_dc	LV_hd	MYO_dc	MYO_hd	RV_dc	RV_hd	
-0.753	0.0862	-0.667	0.8824	10.404	0.7275	16.578	0.6948	inf	
[1mEpoch [29][0m
GDLoss	CELoss	Total	LV_dc	LV_hd	MYO_dc	MYO_hd	RV_dc	RV_hd	
-0.785	0.0826	-0.703	0.8801	18.267	0.7284	32.221	0.7919	inf	
[1mEpoch [30][0m
GDLoss	CELoss	Total	LV_dc	LV_hd	MYO_dc	MYO_hd	RV_dc	RV_hd	
-0.814	0.0600	-0.754	0.9039	8.7503	0.7629	23.716	0.8180	inf	
[1mEpoch [31][0m
GDLoss	CELoss	Total	LV_dc	LV_hd	MYO_dc	MYO_hd	RV_dc	RV_hd	
-0.807	0.0625	-0.745	0.9109	13.789	0.7618	22.606	0.7942	22.558	
[1mEpoch [32][0m
GDLoss	CELoss	Total	LV_dc	LV_hd	MYO_dc	MYO_hd	RV_dc	RV_hd	
-0.837	0.0480	-0.789	0.9185	9.1358	0.7906	14.805	0.8467	12.569	
[1mEpoch [33][0m
GDLoss	CELoss	Total	LV_dc	LV_hd	MYO_dc	MYO_hd	RV_dc	RV_hd	
-0.836	0.0468	-0.789	0.9204	8.7856	0.7899	15.748	0.8412	12.673	
[1mEpoch [34][0m
GDLoss	CELoss	Total	LV_dc	LV_hd	MYO_dc	MYO_hd	RV_dc	RV_hd	
-0.845	0.0415	-0.804	0.9270	6.7404	0.8050	10.593	0.8510	9.7837	
[1mEpoch [35][0m
GDLoss	CELoss	Total	LV_dc	LV_hd	MYO_dc	MYO_hd	RV_dc	RV_hd	
-0.836	0.0496	-0.786	0.8976	7.9307	0.7967	9.9003	0.8579	10.567	
[1mEpoch [36][0m
GDLoss	CELoss	Total	LV_dc	LV_hd	MYO_dc	MYO_hd	RV_dc	RV_hd	
-0.849	0.0398	-0.809	0.9268	7.4165	0.8012	9.9476	0.8630	10.090	
[1mEpoch [37][0m
GDLoss	CELoss	Total	LV_dc	LV_hd	MYO_dc	MYO_hd	RV_dc	RV_hd	
-0.854	0.0411	-0.813	0.9260	7.3743	0.8053	10.896	0.8672	9.9153	
[1mEpoch [38][0m
GDLoss	CELoss	Total	LV_dc	LV_hd	MYO_dc	MYO_hd	RV_dc	RV_hd	
-0.849	0.0456	-0.804	0.9177	10.534	0.7984	17.695	0.8660	11.773	
[1mEpoch [39][0m
GDLoss	CELoss	Total	LV_dc	LV_hd	MYO_dc	MYO_hd	RV_dc	RV_hd	
-0.840	0.0494	-0.791	0.9028	13.616	0.7911	25.118	0.8644	inf	
[1mEpoch [40][0m
GDLoss	CELoss	Total	LV_dc	LV_hd	MYO_dc	MYO_hd	RV_dc	RV_hd	
-0.855	0.0425	-0.812	0.9211	8.0608	0.8045	9.6088	0.8717	10.555	
[1mEpoch [41][0m
GDLoss	CELoss	Total	LV_dc	LV_hd	MYO_dc	MYO_hd	RV_dc	RV_hd	
-0.857	0.0394	-0.818	0.9265	7.8227	0.8107	11.699	0.8712	12.336	
[1mEpoch [42][0m
GDLoss	CELoss	Total	LV_dc	LV_hd	MYO_dc	MYO_hd	RV_dc	RV_hd	
-0.860	0.0371	-0.823	0.9270	6.8851	0.8242	14.239	0.8696	11.382	
[1mEpoch [43][0m
GDLoss	CELoss	Total	LV_dc	LV_hd	MYO_dc	MYO_hd	RV_dc	RV_hd	
-0.856	0.0386	-0.818	0.9229	6.2902	0.8131	7.4039	0.8683	8.3854	
[1mEpoch [44][0m
GDLoss	CELoss	Total	LV_dc	LV_hd	MYO_dc	MYO_hd	RV_dc	RV_hd	
-0.863	0.0382	-0.825	0.9320	6.7406	0.8180	9.0002	0.8722	9.1276	
[1mEpoch [45][0m
GDLoss	CELoss	Total	LV_dc	LV_hd	MYO_dc	MYO_hd	RV_dc	RV_hd	
-0.873	0.0323	-0.841	0.9379	5.1487	0.8311	6.3538	0.8855	8.2757	
[1mEpoch [46][0m
GDLoss	CELoss	Total	LV_dc	LV_hd	MYO_dc	MYO_hd	RV_dc	RV_hd	
-0.874	0.0319	-0.842	0.9406	5.2775	0.8334	7.6562	0.8842	8.3809	
[1mEpoch [47][0m
GDLoss	CELoss	Total	LV_dc	LV_hd	MYO_dc	MYO_hd	RV_dc	RV_hd	
-0.872	0.0352	-0.837	0.9377	5.7216	0.8279	11.889	0.8853	8.5030	
[1mEpoch [48][0m
GDLoss	CELoss	Total	LV_dc	LV_hd	MYO_dc	MYO_hd	RV_dc	RV_hd	
-0.873	0.0331	-0.840	0.9403	5.4700	0.8298	7.5116	0.8867	9.0010	
[1mEpoch [49][0m
GDLoss	CELoss	Total	LV_dc	LV_hd	MYO_dc	MYO_hd	RV_dc	RV_hd	
-0.874	0.0323	-0.842	0.9346	6.6577	0.8324	6.8745	0.8905	8.2561	
[1mEpoch [50][0m
GDLoss	CELoss	Total	LV_dc	LV_hd	MYO_dc	MYO_hd	RV_dc	RV_hd	
-0.877	0.0318	-0.845	0.9412	5.0777	0.8300	6.6535	0.8917	8.1995	
[1mEpoch [51][0m
GDLoss	CELoss	Total	LV_dc	LV_hd	MYO_dc	MYO_hd	RV_dc	RV_hd	
-0.881	0.0308	-0.850	0.9407	4.9315	0.8403	5.8290	0.8927	8.2454	
[1mEpoch [52][0m
GDLoss	CELoss	Total	LV_dc	LV_hd	MYO_dc	MYO_hd	RV_dc	RV_hd	
-0.879	0.0314	-0.848	0.9401	4.7330	0.8390	5.8550	0.8896	8.2553	
[1mEpoch [53][0m
GDLoss	CELoss	Total	LV_dc	LV_hd	MYO_dc	MYO_hd	RV_dc	RV_hd	
-0.882	0.0303	-0.852	0.9412	4.8387	0.8468	6.6767	0.8906	7.7302	
[1mEpoch [54][0m
GDLoss	CELoss	Total	LV_dc	LV_hd	MYO_dc	MYO_hd	RV_dc	RV_hd	
-0.881	0.0312	-0.850	0.9363	5.0041	0.8416	8.1771	0.8940	7.7309	
[1mEpoch [55][0m
GDLoss	CELoss	Total	LV_dc	LV_hd	MYO_dc	MYO_hd	RV_dc	RV_hd	
-0.879	0.0319	-0.847	0.9410	5.1529	0.8370	9.0571	0.8921	8.1442	
[1mEpoch [56][0m
GDLoss	CELoss	Total	LV_dc	LV_hd	MYO_dc	MYO_hd	RV_dc	RV_hd	
-0.880	0.0303	-0.849	0.9413	4.5944	0.8438	6.4443	0.8861	8.3331	
[1mEpoch [57][0m
GDLoss	CELoss	Total	LV_dc	LV_hd	MYO_dc	MYO_hd	RV_dc	RV_hd	
-0.885	0.0290	-0.856	0.9448	4.3418	0.8458	6.5105	0.8938	8.5543	
[1mEpoch [58][0m
GDLoss	CELoss	Total	LV_dc	LV_hd	MYO_dc	MYO_hd	RV_dc	RV_hd	
-0.874	0.0330	-0.841	0.9302	5.3114	0.8339	6.5797	0.8906	8.7082	
[1mEpoch [59][0m
GDLoss	CELoss	Total	LV_dc	LV_hd	MYO_dc	MYO_hd	RV_dc	RV_hd	
-0.888	0.0295	-0.859	0.9481	4.5987	0.8553	5.2296	0.8917	8.3745	
[1mEpoch [60][0m
GDLoss	CELoss	Total	LV_dc	LV_hd	MYO_dc	MYO_hd	RV_dc	RV_hd	
-0.886	0.0299	-0.856	0.9444	4.5884	0.8520	8.1338	0.8904	8.7625	
[1mEpoch [61][0m
GDLoss	CELoss	Total	LV_dc	LV_hd	MYO_dc	MYO_hd	RV_dc	RV_hd	
-0.882	0.0312	-0.851	0.9443	5.8127	0.8493	12.611	0.8871	9.0883	
[1mEpoch [62][0m
GDLoss	CELoss	Total	LV_dc	LV_hd	MYO_dc	MYO_hd	RV_dc	RV_hd	
-0.885	0.0296	-0.855	0.9425	5.0359	0.8522	5.8904	0.8906	8.3492	
[1mEpoch [63][0m
GDLoss	CELoss	Total	LV_dc	LV_hd	MYO_dc	MYO_hd	RV_dc	RV_hd	
-0.889	0.0280	-0.861	0.9453	4.7063	0.8550	5.3816	0.8982	7.3081	
[1mEpoch [64][0m
GDLoss	CELoss	Total	LV_dc	LV_hd	MYO_dc	MYO_hd	RV_dc	RV_hd	
-0.889	0.0284	-0.860	0.9460	4.5431	0.8510	5.3284	0.8991	7.9128	
[1mEpoch [65][0m
GDLoss	CELoss	Total	LV_dc	LV_hd	MYO_dc	MYO_hd	RV_dc	RV_hd	
-0.884	0.0294	-0.855	0.9390	4.5090	0.8424	5.5138	0.8997	7.1202	
[1mEpoch [66][0m
GDLoss	CELoss	Total	LV_dc	LV_hd	MYO_dc	MYO_hd	RV_dc	RV_hd	
-0.891	0.0276	-0.864	0.9468	4.3732	0.8582	6.0387	0.8980	6.6285	
[1mEpoch [67][0m
GDLoss	CELoss	Total	LV_dc	LV_hd	MYO_dc	MYO_hd	RV_dc	RV_hd	
-0.883	0.0315	-0.852	0.9375	5.2823	0.8481	6.1123	0.8928	8.6005	
[1mEpoch [68][0m
GDLoss	CELoss	Total	LV_dc	LV_hd	MYO_dc	MYO_hd	RV_dc	RV_hd	
-0.890	0.0293	-0.861	0.9469	4.8107	0.8530	6.4994	0.8997	7.7861	
[1mEpoch [69][0m
GDLoss	CELoss	Total	LV_dc	LV_hd	MYO_dc	MYO_hd	RV_dc	RV_hd	
-0.886	0.0319	-0.854	0.9432	5.4224	0.8464	6.4062	0.8946	8.3094	
[1mEpoch [70][0m
GDLoss	CELoss	Total	LV_dc	LV_hd	MYO_dc	MYO_hd	RV_dc	RV_hd	
-0.895	0.0267	-0.868	0.9483	4.8356	0.8629	5.5175	0.9030	6.5126	
[1mEpoch [71][0m
GDLoss	CELoss	Total	LV_dc	LV_hd	MYO_dc	MYO_hd	RV_dc	RV_hd	
-0.888	0.0287	-0.859	0.9379	4.3975	0.8509	5.2591	0.9003	6.3291	
[1mEpoch [72][0m
GDLoss	CELoss	Total	LV_dc	LV_hd	MYO_dc	MYO_hd	RV_dc	RV_hd	
-0.893	0.0261	-0.867	0.9470	4.2641	0.8613	4.9255	0.9019	6.5877	
[1mEpoch [73][0m
GDLoss	CELoss	Total	LV_dc	LV_hd	MYO_dc	MYO_hd	RV_dc	RV_hd	
-0.888	0.0286	-0.859	0.9392	4.6985	0.8522	5.3894	0.8988	7.0999	
[1mEpoch [74][0m
GDLoss	CELoss	Total	LV_dc	LV_hd	MYO_dc	MYO_hd	RV_dc	RV_hd	
-0.892	0.0278	-0.864	0.9457	4.8183	0.8554	5.4394	0.9039	6.5550	
[1mEpoch [75][0m
GDLoss	CELoss	Total	LV_dc	LV_hd	MYO_dc	MYO_hd	RV_dc	RV_hd	
-0.896	0.0269	-0.869	0.9485	4.3345	0.8618	5.1403	0.9063	6.8791	
[1mEpoch [76][0m
GDLoss	CELoss	Total	LV_dc	LV_hd	MYO_dc	MYO_hd	RV_dc	RV_hd	
-0.897	0.0260	-0.871	0.9525	4.0756	0.8648	5.0545	0.9028	6.7560	
[1mEpoch [77][0m
GDLoss	CELoss	Total	LV_dc	LV_hd	MYO_dc	MYO_hd	RV_dc	RV_hd	
-0.896	0.0258	-0.871	0.9483	3.9245	0.8630	4.8746	0.9054	6.6222	
[1mEpoch [78][0m
GDLoss	CELoss	Total	LV_dc	LV_hd	MYO_dc	MYO_hd	RV_dc	RV_hd	
-0.891	0.0273	-0.864	0.9443	4.1313	0.8520	4.9408	0.9032	6.5713	
[1mEpoch [79][0m
GDLoss	CELoss	Total	LV_dc	LV_hd	MYO_dc	MYO_hd	RV_dc	RV_hd	
-0.897	0.0258	-0.871	0.9515	4.0524	0.8666	4.8571	0.9010	6.9261	
[1mEpoch [80][0m
GDLoss	CELoss	Total	LV_dc	LV_hd	MYO_dc	MYO_hd	RV_dc	RV_hd	
-0.897	0.0250	-0.872	0.9512	4.0470	0.8661	4.6379	0.9041	6.4406	
[1mEpoch [81][0m
GDLoss	CELoss	Total	LV_dc	LV_hd	MYO_dc	MYO_hd	RV_dc	RV_hd	
-0.897	0.0257	-0.871	0.9501	3.8874	0.8649	4.9997	0.9029	6.7547	
[1mEpoch [82][0m
GDLoss	CELoss	Total	LV_dc	LV_hd	MYO_dc	MYO_hd	RV_dc	RV_hd	
-0.896	0.0259	-0.870	0.9490	3.9299	0.8622	5.5793	0.9035	6.3463	
[1mEpoch [83][0m
GDLoss	CELoss	Total	LV_dc	LV_hd	MYO_dc	MYO_hd	RV_dc	RV_hd	
-0.898	0.0257	-0.872	0.9501	3.9001	0.8658	5.5783	0.9058	6.5047	
[1mEpoch [84][0m
GDLoss	CELoss	Total	LV_dc	LV_hd	MYO_dc	MYO_hd	RV_dc	RV_hd	
-0.896	0.0267	-0.870	0.9480	4.0964	0.8636	5.6081	0.9034	7.1570	
[1mEpoch [85][0m
GDLoss	CELoss	Total	LV_dc	LV_hd	MYO_dc	MYO_hd	RV_dc	RV_hd	
-0.897	0.0259	-0.872	0.9514	3.8344	0.8651	4.7754	0.9022	6.9218	
[1mEpoch [86][0m
GDLoss	CELoss	Total	LV_dc	LV_hd	MYO_dc	MYO_hd	RV_dc	RV_hd	
-0.898	0.0255	-0.873	0.9518	3.8768	0.8697	4.5281	0.9008	6.9172	
[1mEpoch [87][0m
GDLoss	CELoss	Total	LV_dc	LV_hd	MYO_dc	MYO_hd	RV_dc	RV_hd	
-0.897	0.0265	-0.871	0.9525	4.1296	0.8651	4.7956	0.9035	7.2483	
[1mEpoch [88][0m
GDLoss	CELoss	Total	LV_dc	LV_hd	MYO_dc	MYO_hd	RV_dc	RV_hd	
-0.896	0.0277	-0.868	0.9490	4.0359	0.8628	4.8519	0.9010	7.9020	
[1mEpoch [89][0m
GDLoss	CELoss	Total	LV_dc	LV_hd	MYO_dc	MYO_hd	RV_dc	RV_hd	
-0.899	0.0267	-0.872	0.9502	4.1378	0.8688	4.7559	0.9049	6.7441	
[1mEpoch [90][0m
GDLoss	CELoss	Total	LV_dc	LV_hd	MYO_dc	MYO_hd	RV_dc	RV_hd	
-0.901	0.0255	-0.875	0.9522	3.9564	0.8709	4.6140	0.9059	6.6321	
[1mEpoch [91][0m
GDLoss	CELoss	Total	LV_dc	LV_hd	MYO_dc	MYO_hd	RV_dc	RV_hd	
-0.900	0.0261	-0.873	0.9535	3.7963	0.8709	4.6452	0.9021	7.2073	
[1mEpoch [92][0m
GDLoss	CELoss	Total	LV_dc	LV_hd	MYO_dc	MYO_hd	RV_dc	RV_hd	
-0.896	0.0288	-0.867	0.9510	3.9320	0.8671	7.0854	0.8969	8.8803	
[1mEpoch [93][0m
GDLoss	CELoss	Total	LV_dc	LV_hd	MYO_dc	MYO_hd	RV_dc	RV_hd	
-0.899	0.0266	-0.872	0.9551	3.7272	0.8679	4.7657	0.9013	6.6100	
[1mEpoch [94][0m
GDLoss	CELoss	Total	LV_dc	LV_hd	MYO_dc	MYO_hd	RV_dc	RV_hd	
-0.899	0.0282	-0.871	0.9538	3.8423	0.8680	5.0750	0.9008	7.4767	
[1mEpoch [95][0m
GDLoss	CELoss	Total	LV_dc	LV_hd	MYO_dc	MYO_hd	RV_dc	RV_hd	
-0.900	0.0255	-0.874	0.9523	4.1561	0.8693	4.8780	0.9051	6.8771	
[1mEpoch [96][0m
GDLoss	CELoss	Total	LV_dc	LV_hd	MYO_dc	MYO_hd	RV_dc	RV_hd	
-0.901	0.0251	-0.876	0.9532	3.9576	0.8679	4.6076	0.9089	6.2731	
[1mEpoch [97][0m
GDLoss	CELoss	Total	LV_dc	LV_hd	MYO_dc	MYO_hd	RV_dc	RV_hd	
-0.898	0.0279	-0.870	0.9518	4.4042	0.8635	5.3175	0.9043	6.5983	
[1mEpoch [98][0m
GDLoss	CELoss	Total	LV_dc	LV_hd	MYO_dc	MYO_hd	RV_dc	RV_hd	
-0.901	0.0252	-0.876	0.9534	3.7714	0.8707	5.0938	0.9053	6.3677	
[1mEpoch [99][0m
GDLoss	CELoss	Total	LV_dc	LV_hd	MYO_dc	MYO_hd	RV_dc	RV_hd	
-0.897	0.0265	-0.870	0.9444	3.9908	0.8606	5.1400	0.9088	6.3008	
[1mEpoch [100][0m
GDLoss	CELoss	Total	LV_dc	LV_hd	MYO_dc	MYO_hd	RV_dc	RV_hd	
-0.899	0.0259	-0.873	0.9494	3.9480	0.8680	4.9259	0.9073	6.5881	
[1mEpoch [101][0m
GDLoss	CELoss	Total	LV_dc	LV_hd	MYO_dc	MYO_hd	RV_dc	RV_hd	
-0.901	0.0247	-0.877	0.9547	3.8369	0.8690	4.5447	0.9071	6.2614	
[1mEpoch [102][0m
GDLoss	CELoss	Total	LV_dc	LV_hd	MYO_dc	MYO_hd	RV_dc	RV_hd	
-0.903	0.0252	-0.878	0.9554	3.7767	0.8733	4.9335	0.9067	6.9028	
[1mEpoch [103][0m
GDLoss	CELoss	Total	LV_dc	LV_hd	MYO_dc	MYO_hd	RV_dc	RV_hd	
-0.904	0.0257	-0.878	0.9548	3.7864	0.8740	4.4756	0.9079	6.8340	
[1mEpoch [104][0m
GDLoss	CELoss	Total	LV_dc	LV_hd	MYO_dc	MYO_hd	RV_dc	RV_hd	
-0.905	0.0261	-0.878	0.9554	3.8663	0.8757	4.5919	0.9081	6.6362	
[1mEpoch [105][0m
GDLoss	CELoss	Total	LV_dc	LV_hd	MYO_dc	MYO_hd	RV_dc	RV_hd	
-0.905	0.0251	-0.880	0.9559	3.8744	0.8745	4.8982	0.9093	7.2154	
[1mEpoch [106][0m
GDLoss	CELoss	Total	LV_dc	LV_hd	MYO_dc	MYO_hd	RV_dc	RV_hd	
-0.902	0.0258	-0.877	0.9531	3.7532	0.8704	9.6635	0.9079	7.1063	
[1mEpoch [107][0m
GDLoss	CELoss	Total	LV_dc	LV_hd	MYO_dc	MYO_hd	RV_dc	RV_hd	
-0.903	0.0246	-0.879	0.9535	3.5294	0.8743	7.1812	0.9081	7.4821	
[1mEpoch [108][0m
GDLoss	CELoss	Total	LV_dc	LV_hd	MYO_dc	MYO_hd	RV_dc	RV_hd	
-0.903	0.0240	-0.879	0.9568	3.4568	0.8745	4.4091	0.9070	7.7381	
[1mEpoch [109][0m
GDLoss	CELoss	Total	LV_dc	LV_hd	MYO_dc	MYO_hd	RV_dc	RV_hd	
-0.905	0.0234	-0.882	0.9576	3.3999	0.8774	4.2835	0.9071	7.9055	
[1mEpoch [110][0m
GDLoss	CELoss	Total	LV_dc	LV_hd	MYO_dc	MYO_hd	RV_dc	RV_hd	
-0.903	0.0237	-0.880	0.9565	3.6437	0.8752	4.4836	0.9058	7.5994	
[1mEpoch [111][0m
GDLoss	CELoss	Total	LV_dc	LV_hd	MYO_dc	MYO_hd	RV_dc	RV_hd	
-0.900	0.0262	-0.874	0.9492	4.1495	0.8680	4.8767	0.9062	7.8843	
[1mEpoch [112][0m
GDLoss	CELoss	Total	LV_dc	LV_hd	MYO_dc	MYO_hd	RV_dc	RV_hd	
-0.901	0.0256	-0.875	0.9527	4.0179	0.8655	4.9012	0.9098	7.4392	
[1mEpoch [113][0m
GDLoss	CELoss	Total	LV_dc	LV_hd	MYO_dc	MYO_hd	RV_dc	RV_hd	
-0.906	0.0244	-0.882	0.9570	3.6617	0.8772	4.9837	0.9101	6.1596	
[1mEpoch [114][0m
GDLoss	CELoss	Total	LV_dc	LV_hd	MYO_dc	MYO_hd	RV_dc	RV_hd	
-0.897	0.0269	-0.870	0.9439	3.8886	0.8643	5.2669	0.9041	6.5112	
[1mEpoch [115][0m
GDLoss	CELoss	Total	LV_dc	LV_hd	MYO_dc	MYO_hd	RV_dc	RV_hd	
-0.905	0.0241	-0.881	0.9556	4.0489	0.8782	4.7609	0.9076	6.6163	
[1mEpoch [116][0m
GDLoss	CELoss	Total	LV_dc	LV_hd	MYO_dc	MYO_hd	RV_dc	RV_hd	
-0.902	0.0255	-0.877	0.9551	3.6577	0.8735	7.7789	0.9044	6.9221	
[1mEpoch [117][0m
GDLoss	CELoss	Total	LV_dc	LV_hd	MYO_dc	MYO_hd	RV_dc	RV_hd	
-0.906	0.0240	-0.882	0.9574	3.4980	0.8774	5.9289	0.9083	6.1971	
[1mEpoch [118][0m
GDLoss	CELoss	Total	LV_dc	LV_hd	MYO_dc	MYO_hd	RV_dc	RV_hd	
-0.906	0.0241	-0.881	0.9572	3.5596	0.8784	4.2140	0.9071	6.1647	
[1mEpoch [119][0m
GDLoss	CELoss	Total	LV_dc	LV_hd	MYO_dc	MYO_hd	RV_dc	RV_hd	
-0.905	0.0245	-0.881	0.9526	3.6150	0.8777	4.2728	0.9105	6.3135	
[1mEpoch [120][0m
GDLoss	CELoss	Total	LV_dc	LV_hd	MYO_dc	MYO_hd	RV_dc	RV_hd	
-0.906	0.0243	-0.882	0.9571	3.5401	0.8765	4.4063	0.9104	6.3037	
[1mEpoch [121][0m
GDLoss	CELoss	Total	LV_dc	LV_hd	MYO_dc	MYO_hd	RV_dc	RV_hd	
-0.907	0.0243	-0.883	0.9567	3.5714	0.8780	4.3651	0.9110	6.1219	
[1mEpoch [122][0m
GDLoss	CELoss	Total	LV_dc	LV_hd	MYO_dc	MYO_hd	RV_dc	RV_hd	
-0.907	0.0251	-0.881	0.9553	3.7705	0.8789	4.3446	0.9096	6.6738	
[1mEpoch [123][0m
GDLoss	CELoss	Total	LV_dc	LV_hd	MYO_dc	MYO_hd	RV_dc	RV_hd	
-0.901	0.0261	-0.874	0.9502	3.8839	0.8729	4.5764	0.9024	6.7478	
[1mEpoch [124][0m
GDLoss	CELoss	Total	LV_dc	LV_hd	MYO_dc	MYO_hd	RV_dc	RV_hd	
-0.903	0.0264	-0.877	0.9541	3.7336	0.8766	4.5219	0.9027	7.7018	
[1mEpoch [125][0m
GDLoss	CELoss	Total	LV_dc	LV_hd	MYO_dc	MYO_hd	RV_dc	RV_hd	
-0.905	0.0250	-0.880	0.9525	3.8426	0.8742	4.6183	0.9114	6.7965	
[1mEpoch [126][0m
GDLoss	CELoss	Total	LV_dc	LV_hd	MYO_dc	MYO_hd	RV_dc	RV_hd	
-0.908	0.0238	-0.884	0.9595	3.5295	0.8791	4.5139	0.9093	6.9781	
[1mEpoch [127][0m
GDLoss	CELoss	Total	LV_dc	LV_hd	MYO_dc	MYO_hd	RV_dc	RV_hd	
-0.906	0.0243	-0.881	0.9570	3.8188	0.8768	4.4240	0.9097	6.0221	
[1mEpoch [128][0m
GDLoss	CELoss	Total	LV_dc	LV_hd	MYO_dc	MYO_hd	RV_dc	RV_hd	
-0.904	0.0249	-0.879	0.9524	3.4608	0.8713	4.4465	0.9110	6.4460	
[1mEpoch [129][0m
GDLoss	CELoss	Total	LV_dc	LV_hd	MYO_dc	MYO_hd	RV_dc	RV_hd	
-0.904	0.0248	-0.879	0.9529	3.6551	0.8725	4.4195	0.9109	6.4091	
[1mEpoch [130][0m
GDLoss	CELoss	Total	LV_dc	LV_hd	MYO_dc	MYO_hd	RV_dc	RV_hd	
-0.907	0.0237	-0.883	0.9544	3.5547	0.8794	4.4740	0.9111	6.3787	
[1mEpoch [131][0m
GDLoss	CELoss	Total	LV_dc	LV_hd	MYO_dc	MYO_hd	RV_dc	RV_hd	
-0.907	0.0231	-0.884	0.9575	3.3879	0.8792	4.3279	0.9117	6.2470	
[1mEpoch [132][0m
GDLoss	CELoss	Total	LV_dc	LV_hd	MYO_dc	MYO_hd	RV_dc	RV_hd	
-0.906	0.0243	-0.882	0.9537	3.3635	0.8754	4.9598	0.9117	7.0049	
[1mEpoch [133][0m
GDLoss	CELoss	Total	LV_dc	LV_hd	MYO_dc	MYO_hd	RV_dc	RV_hd	
-0.907	0.0230	-0.884	0.9582	3.3211	0.8760	4.2355	0.9122	6.4169	
[1mEpoch [134][0m
GDLoss	CELoss	Total	LV_dc	LV_hd	MYO_dc	MYO_hd	RV_dc	RV_hd	
-0.904	0.0246	-0.880	0.9542	3.8213	0.8748	4.7804	0.9069	6.1263	
[1mEpoch [135][0m
GDLoss	CELoss	Total	LV_dc	LV_hd	MYO_dc	MYO_hd	RV_dc	RV_hd	
-0.905	0.0246	-0.880	0.9574	3.2834	0.8788	4.5050	0.9025	6.1251	
[1mEpoch [136][0m
GDLoss	CELoss	Total	LV_dc	LV_hd	MYO_dc	MYO_hd	RV_dc	RV_hd	
-0.907	0.0248	-0.882	0.9557	3.4230	0.8777	4.5298	0.9096	6.4067	
[1mEpoch [137][0m
GDLoss	CELoss	Total	LV_dc	LV_hd	MYO_dc	MYO_hd	RV_dc	RV_hd	
-0.906	0.0244	-0.881	0.9556	3.4669	0.8741	4.6883	0.9124	6.5068	
[1mEpoch [138][0m
GDLoss	CELoss	Total	LV_dc	LV_hd	MYO_dc	MYO_hd	RV_dc	RV_hd	
-0.902	0.0262	-0.876	0.9494	4.2752	0.8680	4.6899	0.9103	6.7035	
[1mEpoch [139][0m
GDLoss	CELoss	Total	LV_dc	LV_hd	MYO_dc	MYO_hd	RV_dc	RV_hd	
-0.905	0.0264	-0.878	0.9518	4.0944	0.8749	4.8182	0.9101	7.2227	
[1mEpoch [140][0m
GDLoss	CELoss	Total	LV_dc	LV_hd	MYO_dc	MYO_hd	RV_dc	RV_hd	
-0.904	0.0254	-0.879	0.9569	3.5331	0.8759	4.7870	0.9053	8.0531	
[1mEpoch [141][0m
GDLoss	CELoss	Total	LV_dc	LV_hd	MYO_dc	MYO_hd	RV_dc	RV_hd	
-0.907	0.0239	-0.883	0.9586	3.3223	0.8780	4.5508	0.9095	6.8899	
[1mEpoch [142][0m
GDLoss	CELoss	Total	LV_dc	LV_hd	MYO_dc	MYO_hd	RV_dc	RV_hd	
-0.909	0.0230	-0.886	0.9558	3.3345	0.8822	3.9957	0.9134	5.8659	
[1mEpoch [143][0m
GDLoss	CELoss	Total	LV_dc	LV_hd	MYO_dc	MYO_hd	RV_dc	RV_hd	
-0.907	0.0238	-0.883	0.9531	3.5341	0.8790	4.1202	0.9128	5.9882	
[1mEpoch [144][0m
GDLoss	CELoss	Total	LV_dc	LV_hd	MYO_dc	MYO_hd	RV_dc	RV_hd	
-0.907	0.0240	-0.883	0.9548	3.4429	0.8796	5.5234	0.9103	6.4356	
[1mEpoch [145][0m
GDLoss	CELoss	Total	LV_dc	LV_hd	MYO_dc	MYO_hd	RV_dc	RV_hd	
-0.908	0.0237	-0.884	0.9544	3.4934	0.8800	4.2412	0.9134	5.8559	
[1mEpoch [146][0m
GDLoss	CELoss	Total	LV_dc	LV_hd	MYO_dc	MYO_hd	RV_dc	RV_hd	
-0.908	0.0253	-0.883	0.9548	3.5096	0.8780	4.3270	0.9131	6.2230	
[1mEpoch [147][0m
GDLoss	CELoss	Total	LV_dc	LV_hd	MYO_dc	MYO_hd	RV_dc	RV_hd	
-0.909	0.0239	-0.885	0.9571	3.3523	0.8784	4.2004	0.9126	6.1720	
[1mEpoch [148][0m
GDLoss	CELoss	Total	LV_dc	LV_hd	MYO_dc	MYO_hd	RV_dc	RV_hd	
-0.911	0.0232	-0.887	0.9587	3.3345	0.8813	4.2475	0.9146	5.8471	
[1mEpoch [149][0m
GDLoss	CELoss	Total	LV_dc	LV_hd	MYO_dc	MYO_hd	RV_dc	RV_hd	
-0.910	0.0233	-0.887	0.9586	3.3754	0.8817	4.1230	0.9136	6.0448	
[1mEpoch [150][0m
GDLoss	CELoss	Total	LV_dc	LV_hd	MYO_dc	MYO_hd	RV_dc	RV_hd	
-0.909	0.0234	-0.885	0.9579	3.3570	0.8790	4.1053	0.9133	5.7003	
[1mEpoch [151][0m
GDLoss	CELoss	Total	LV_dc	LV_hd	MYO_dc	MYO_hd	RV_dc	RV_hd	
-0.907	0.0240	-0.883	0.9538	3.4663	0.8769	4.1385	0.9130	5.8158	
[1mEpoch [152][0m
GDLoss	CELoss	Total	LV_dc	LV_hd	MYO_dc	MYO_hd	RV_dc	RV_hd	
-0.908	0.0245	-0.883	0.9552	3.5623	0.8769	4.1913	0.9137	5.8756	
[1mEpoch [153][0m
GDLoss	CELoss	Total	LV_dc	LV_hd	MYO_dc	MYO_hd	RV_dc	RV_hd	
-0.908	0.0246	-0.884	0.9555	3.9531	0.8778	4.6828	0.9149	6.1173	
[1mEpoch [154][0m
GDLoss	CELoss	Total	LV_dc	LV_hd	MYO_dc	MYO_hd	RV_dc	RV_hd	
-0.906	0.0253	-0.880	0.9499	3.9040	0.8735	4.7493	0.9144	5.8109	
[1mEpoch [155][0m
GDLoss	CELoss	Total	LV_dc	LV_hd	MYO_dc	MYO_hd	RV_dc	RV_hd	
-0.909	0.0245	-0.884	0.9585	3.7314	0.8794	4.6914	0.9112	6.2697	
[1mEpoch [156][0m
GDLoss	CELoss	Total	LV_dc	LV_hd	MYO_dc	MYO_hd	RV_dc	RV_hd	
-0.908	0.0240	-0.884	0.9595	3.3882	0.8792	4.2763	0.9098	6.3921	
[1mEpoch [157][0m
GDLoss	CELoss	Total	LV_dc	LV_hd	MYO_dc	MYO_hd	RV_dc	RV_hd	
-0.909	0.0235	-0.886	0.9583	3.3511	0.8795	4.1077	0.9139	5.9143	
[1mEpoch [158][0m
GDLoss	CELoss	Total	LV_dc	LV_hd	MYO_dc	MYO_hd	RV_dc	RV_hd	
-0.906	0.0254	-0.880	0.9508	3.6280	0.8757	4.1380	0.9115	5.7172	
[1mEpoch [159][0m
GDLoss	CELoss	Total	LV_dc	LV_hd	MYO_dc	MYO_hd	RV_dc	RV_hd	
-0.909	0.0250	-0.884	0.9571	3.6207	0.8817	4.3156	0.9102	6.3283	
[1mEpoch [160][0m
GDLoss	CELoss	Total	LV_dc	LV_hd	MYO_dc	MYO_hd	RV_dc	RV_hd	
-0.909	0.0238	-0.885	0.9580	3.5544	0.8799	4.1015	0.9119	6.2355	
[1mEpoch [161][0m
GDLoss	CELoss	Total	LV_dc	LV_hd	MYO_dc	MYO_hd	RV_dc	RV_hd	
-0.909	0.0238	-0.885	0.9542	3.4917	0.8794	4.1718	0.9148	5.7302	
[1mEpoch [162][0m
GDLoss	CELoss	Total	LV_dc	LV_hd	MYO_dc	MYO_hd	RV_dc	RV_hd	
-0.910	0.0233	-0.887	0.9582	3.3843	0.8793	4.1945	0.9158	5.4426	
[1mEpoch [163][0m
GDLoss	CELoss	Total	LV_dc	LV_hd	MYO_dc	MYO_hd	RV_dc	RV_hd	
-0.908	0.0247	-0.883	0.9548	3.4900	0.8778	4.1135	0.9125	5.4209	
[1mEpoch [164][0m
GDLoss	CELoss	Total	LV_dc	LV_hd	MYO_dc	MYO_hd	RV_dc	RV_hd	
-0.911	0.0231	-0.888	0.9586	3.3072	0.8818	4.1546	0.9160	5.6301	
[1mEpoch [165][0m
GDLoss	CELoss	Total	LV_dc	LV_hd	MYO_dc	MYO_hd	RV_dc	RV_hd	
-0.910	0.0239	-0.886	0.9562	3.4510	0.8800	4.2382	0.9145	5.6190	
[1mEpoch [166][0m
GDLoss	CELoss	Total	LV_dc	LV_hd	MYO_dc	MYO_hd	RV_dc	RV_hd	
-0.908	0.0242	-0.884	0.9544	3.4209	0.8763	4.2452	0.9144	5.6327	
[1mEpoch [167][0m
GDLoss	CELoss	Total	LV_dc	LV_hd	MYO_dc	MYO_hd	RV_dc	RV_hd	
-0.911	0.0233	-0.887	0.9607	3.3124	0.8816	4.3296	0.9135	5.9797	
[1mEpoch [168][0m
GDLoss	CELoss	Total	LV_dc	LV_hd	MYO_dc	MYO_hd	RV_dc	RV_hd	
-0.910	0.0241	-0.885	0.9583	3.4426	0.8813	4.2776	0.9121	5.7491	
[1mEpoch [169][0m
GDLoss	CELoss	Total	LV_dc	LV_hd	MYO_dc	MYO_hd	RV_dc	RV_hd	
-0.909	0.0245	-0.884	0.9566	3.3101	0.8800	4.1565	0.9119	5.8530	
[1mEpoch [170][0m
GDLoss	CELoss	Total	LV_dc	LV_hd	MYO_dc	MYO_hd	RV_dc	RV_hd	
-0.910	0.0233	-0.887	0.9595	3.2654	0.8814	4.1082	0.9141	5.9239	
[1mEpoch [171][0m
GDLoss	CELoss	Total	LV_dc	LV_hd	MYO_dc	MYO_hd	RV_dc	RV_hd	
-0.910	0.0237	-0.887	0.9576	3.3578	0.8815	4.1774	0.9147	5.9530	
[1mEpoch [172][0m
GDLoss	CELoss	Total	LV_dc	LV_hd	MYO_dc	MYO_hd	RV_dc	RV_hd	
-0.909	0.0240	-0.885	0.9574	3.2683	0.8781	4.1592	0.9124	5.6543	
[1mEpoch [173][0m
GDLoss	CELoss	Total	LV_dc	LV_hd	MYO_dc	MYO_hd	RV_dc	RV_hd	
-0.908	0.0244	-0.883	0.9527	3.4023	0.8767	4.1133	0.9138	5.6617	
[1mEpoch [174][0m
GDLoss	CELoss	Total	LV_dc	LV_hd	MYO_dc	MYO_hd	RV_dc	RV_hd	
-0.909	0.0244	-0.884	0.9557	3.5243	0.8790	4.3317	0.9129	5.7024	
[1mEpoch [175][0m
GDLoss	CELoss	Total	LV_dc	LV_hd	MYO_dc	MYO_hd	RV_dc	RV_hd	
-0.911	0.0232	-0.888	0.9576	3.2973	0.8812	4.1742	0.9162	5.7288	
[1mEpoch [176][0m
GDLoss	CELoss	Total	LV_dc	LV_hd	MYO_dc	MYO_hd	RV_dc	RV_hd	
-0.908	0.0247	-0.884	0.9540	3.3866	0.8763	4.7487	0.9155	5.8984	
[1mEpoch [177][0m
GDLoss	CELoss	Total	LV_dc	LV_hd	MYO_dc	MYO_hd	RV_dc	RV_hd	
-0.908	0.0251	-0.883	0.9564	3.7558	0.8782	5.2658	0.9128	6.5569	
[1mEpoch [178][0m
GDLoss	CELoss	Total	LV_dc	LV_hd	MYO_dc	MYO_hd	RV_dc	RV_hd	
-0.906	0.0256	-0.880	0.9558	3.6408	0.8763	4.8499	0.9079	6.0442	
[1mEpoch [179][0m
GDLoss	CELoss	Total	LV_dc	LV_hd	MYO_dc	MYO_hd	RV_dc	RV_hd	
-0.907	0.0264	-0.881	0.9546	4.1284	0.8762	4.7799	0.9118	6.7010	
[1mEpoch [180][0m
GDLoss	CELoss	Total	LV_dc	LV_hd	MYO_dc	MYO_hd	RV_dc	RV_hd	
-0.910	0.0238	-0.887	0.9583	3.2892	0.8805	4.1192	0.9149	6.0445	
[1mEpoch [181][0m
GDLoss	CELoss	Total	LV_dc	LV_hd	MYO_dc	MYO_hd	RV_dc	RV_hd	
-0.910	0.0247	-0.885	0.9599	3.2050	0.8788	3.8943	0.9123	6.1877	
[1mEpoch [182][0m
GDLoss	CELoss	Total	LV_dc	LV_hd	MYO_dc	MYO_hd	RV_dc	RV_hd	
-0.908	0.0253	-0.883	0.9557	3.3289	0.8762	4.1101	0.9134	6.0795	
[1mEpoch [183][0m
GDLoss	CELoss	Total	LV_dc	LV_hd	MYO_dc	MYO_hd	RV_dc	RV_hd	
-0.908	0.0256	-0.883	0.9554	3.4838	0.8766	4.5190	0.9128	6.2537	
[1mEpoch [184][0m
GDLoss	CELoss	Total	LV_dc	LV_hd	MYO_dc	MYO_hd	RV_dc	RV_hd	
-0.909	0.0239	-0.886	0.9565	3.8563	0.8783	4.6830	0.9145	6.0903	
[1mEpoch [185][0m
GDLoss	CELoss	Total	LV_dc	LV_hd	MYO_dc	MYO_hd	RV_dc	RV_hd	
-0.910	0.0239	-0.886	0.9546	3.3788	0.8803	4.0672	0.9146	5.8682	
[1mEpoch [186][0m
GDLoss	CELoss	Total	LV_dc	LV_hd	MYO_dc	MYO_hd	RV_dc	RV_hd	
-0.911	0.0236	-0.888	0.9585	3.2743	0.8822	4.3498	0.9154	6.0403	
[1mEpoch [187][0m
GDLoss	CELoss	Total	LV_dc	LV_hd	MYO_dc	MYO_hd	RV_dc	RV_hd	
-0.912	0.0241	-0.888	0.9577	3.7800	0.8848	4.4086	0.9157	6.3119	
[1mEpoch [188][0m
GDLoss	CELoss	Total	LV_dc	LV_hd	MYO_dc	MYO_hd	RV_dc	RV_hd	
-0.909	0.0245	-0.885	0.9554	3.6631	0.8819	4.9015	0.9114	5.8421	
[1mEpoch [189][0m
GDLoss	CELoss	Total	LV_dc	LV_hd	MYO_dc	MYO_hd	RV_dc	RV_hd	
-0.908	0.0248	-0.883	0.9543	3.7753	0.8790	4.2925	0.9117	5.7857	
[1mEpoch [190][0m
GDLoss	CELoss	Total	LV_dc	LV_hd	MYO_dc	MYO_hd	RV_dc	RV_hd	
-0.909	0.0243	-0.885	0.9566	3.3696	0.8806	3.9783	0.9119	5.8940	
[1mEpoch [191][0m
GDLoss	CELoss	Total	LV_dc	LV_hd	MYO_dc	MYO_hd	RV_dc	RV_hd	
-0.911	0.0239	-0.887	0.9588	3.3432	0.8828	4.0199	0.9138	5.8535	
[1mEpoch [192][0m
GDLoss	CELoss	Total	LV_dc	LV_hd	MYO_dc	MYO_hd	RV_dc	RV_hd	
-0.913	0.0235	-0.889	0.9600	3.3400	0.8838	4.0318	0.9159	5.6914	
[1mEpoch [193][0m
GDLoss	CELoss	Total	LV_dc	LV_hd	MYO_dc	MYO_hd	RV_dc	RV_hd	
-0.912	0.0236	-0.889	0.9582	3.6177	0.8820	4.2397	0.9175	5.3487	
[1mEpoch [194][0m
GDLoss	CELoss	Total	LV_dc	LV_hd	MYO_dc	MYO_hd	RV_dc	RV_hd	
-0.910	0.0245	-0.885	0.9541	3.6766	0.8777	4.3490	0.9175	5.4056	
[1mEpoch [195][0m
GDLoss	CELoss	Total	LV_dc	LV_hd	MYO_dc	MYO_hd	RV_dc	RV_hd	
-0.911	0.0237	-0.887	0.9581	3.5023	0.8811	4.3578	0.9150	5.6702	
[1mEpoch [196][0m
GDLoss	CELoss	Total	LV_dc	LV_hd	MYO_dc	MYO_hd	RV_dc	RV_hd	
-0.913	0.0232	-0.890	0.9592	3.2100	0.8832	4.3141	0.9174	5.5613	
[1mEpoch [197][0m
GDLoss	CELoss	Total	LV_dc	LV_hd	MYO_dc	MYO_hd	RV_dc	RV_hd	
-0.911	0.0244	-0.886	0.9577	3.5243	0.8801	5.0850	0.9159	5.5117	
[1mEpoch [198][0m
GDLoss	CELoss	Total	LV_dc	LV_hd	MYO_dc	MYO_hd	RV_dc	RV_hd	
-0.907	0.0260	-0.881	0.9530	3.9477	0.8746	4.7271	0.9142	5.9686	
[1mEpoch [199][0m
GDLoss	CELoss	Total	LV_dc	LV_hd	MYO_dc	MYO_hd	RV_dc	RV_hd	
-0.910	0.0246	-0.886	0.9569	3.6210	0.8801	4.5610	0.9140	5.7562	
[1mEpoch [200][0m
GDLoss	CELoss	Total	LV_dc	LV_hd	MYO_dc	MYO_hd	RV_dc	RV_hd	
-0.911	0.0243	-0.887	0.9592	3.5999	0.8836	4.8471	0.9128	6.2352	
[1mEpoch [201][0m
GDLoss	CELoss	Total	LV_dc	LV_hd	MYO_dc	MYO_hd	RV_dc	RV_hd	
-0.911	0.0238	-0.887	0.9590	3.5576	0.8821	4.5121	0.9136	5.8015	
[1mEpoch [202][0m
GDLoss	CELoss	Total	LV_dc	LV_hd	MYO_dc	MYO_hd	RV_dc	RV_hd	
-0.908	0.0252	-0.883	0.9567	3.6026	0.8799	4.4023	0.9080	5.8248	
[1mEpoch [203][0m
GDLoss	CELoss	Total	LV_dc	LV_hd	MYO_dc	MYO_hd	RV_dc	RV_hd	
-0.908	0.0256	-0.882	0.9556	3.6840	0.8814	4.5386	0.9083	6.4142	
[1mEpoch [204][0m
GDLoss	CELoss	Total	LV_dc	LV_hd	MYO_dc	MYO_hd	RV_dc	RV_hd	
-0.911	0.0242	-0.886	0.9579	3.4663	0.8832	4.2345	0.9117	6.4048	
[1mEpoch [205][0m
GDLoss	CELoss	Total	LV_dc	LV_hd	MYO_dc	MYO_hd	RV_dc	RV_hd	
-0.911	0.0244	-0.887	0.9571	3.6056	0.8824	4.2808	0.9153	6.4182	
[1mEpoch [206][0m
GDLoss	CELoss	Total	LV_dc	LV_hd	MYO_dc	MYO_hd	RV_dc	RV_hd	
-0.913	0.0230	-0.890	0.9581	3.2671	0.8842	4.0931	0.9183	5.7092	
[1mEpoch [207][0m
GDLoss	CELoss	Total	LV_dc	LV_hd	MYO_dc	MYO_hd	RV_dc	RV_hd	
-0.911	0.0239	-0.887	0.9576	3.2616	0.8774	4.0953	0.9176	6.0167	
[1mEpoch [208][0m
GDLoss	CELoss	Total	LV_dc	LV_hd	MYO_dc	MYO_hd	RV_dc	RV_hd	
-0.913	0.0238	-0.889	0.9593	3.2426	0.8834	4.0577	0.9152	5.8558	
[1mEpoch [209][0m
GDLoss	CELoss	Total	LV_dc	LV_hd	MYO_dc	MYO_hd	RV_dc	RV_hd	
-0.910	0.0249	-0.885	0.9559	3.9339	0.8817	3.8461	0.9125	6.0949	
[1mEpoch [210][0m
GDLoss	CELoss	Total	LV_dc	LV_hd	MYO_dc	MYO_hd	RV_dc	RV_hd	
-0.911	0.0243	-0.886	0.9561	3.4932	0.8807	4.3338	0.9144	6.0669	
[1mEpoch [211][0m
GDLoss	CELoss	Total	LV_dc	LV_hd	MYO_dc	MYO_hd	RV_dc	RV_hd	
-0.909	0.0251	-0.884	0.9554	3.8608	0.8816	4.9205	0.9110	5.9387	
[1mEpoch [212][0m
GDLoss	CELoss	Total	LV_dc	LV_hd	MYO_dc	MYO_hd	RV_dc	RV_hd	
-0.910	0.0247	-0.886	0.9579	3.6964	0.8799	4.6818	0.9144	5.3689	
[1mEpoch [213][0m
GDLoss	CELoss	Total	LV_dc	LV_hd	MYO_dc	MYO_hd	RV_dc	RV_hd	
-0.911	0.0248	-0.886	0.9554	3.8942	0.8798	4.6691	0.9168	5.9946	
[1mEpoch [214][0m
GDLoss	CELoss	Total	LV_dc	LV_hd	MYO_dc	MYO_hd	RV_dc	RV_hd	
-0.913	0.0242	-0.888	0.9583	3.3926	0.8827	4.2262	0.9178	5.7763	
[1mEpoch [215][0m
GDLoss	CELoss	Total	LV_dc	LV_hd	MYO_dc	MYO_hd	RV_dc	RV_hd	
-0.912	0.0241	-0.888	0.9573	3.2927	0.8826	4.0431	0.9165	6.0402	
[1mEpoch [216][0m
GDLoss	CELoss	Total	LV_dc	LV_hd	MYO_dc	MYO_hd	RV_dc	RV_hd	
-0.911	0.0244	-0.887	0.9574	3.6464	0.8824	4.4741	0.9160	5.8293	
[1mEpoch [217][0m
GDLoss	CELoss	Total	LV_dc	LV_hd	MYO_dc	MYO_hd	RV_dc	RV_hd	
-0.913	0.0241	-0.889	0.9582	3.6353	0.8839	4.5966	0.9175	5.5214	
[1mEpoch [218][0m
GDLoss	CELoss	Total	LV_dc	LV_hd	MYO_dc	MYO_hd	RV_dc	RV_hd	
-0.911	0.0253	-0.885	0.9571	3.7858	0.8797	4.5658	0.9154	5.5807	
[1mEpoch [219][0m
GDLoss	CELoss	Total	LV_dc	LV_hd	MYO_dc	MYO_hd	RV_dc	RV_hd	
-0.911	0.0250	-0.886	0.9564	3.3489	0.8791	4.5595	0.9167	6.0065	
[1mEpoch [220][0m
GDLoss	CELoss	Total	LV_dc	LV_hd	MYO_dc	MYO_hd	RV_dc	RV_hd	
-0.913	0.0242	-0.889	0.9587	3.3412	0.8838	4.1107	0.9167	6.0688	
[1mEpoch [221][0m
GDLoss	CELoss	Total	LV_dc	LV_hd	MYO_dc	MYO_hd	RV_dc	RV_hd	
-0.910	0.0255	-0.885	0.9570	3.4162	0.8785	4.1093	0.9155	5.7826	
[1mEpoch [222][0m
GDLoss	CELoss	Total	LV_dc	LV_hd	MYO_dc	MYO_hd	RV_dc	RV_hd	
-0.911	0.0246	-0.886	0.9563	3.4749	0.8797	3.9525	0.9170	5.9949	
[1mEpoch [223][0m
GDLoss	CELoss	Total	LV_dc	LV_hd	MYO_dc	MYO_hd	RV_dc	RV_hd	
-0.908	0.0258	-0.882	0.9537	3.4910	0.8754	4.8667	0.9133	6.5597	
[1mEpoch [224][0m
GDLoss	CELoss	Total	LV_dc	LV_hd	MYO_dc	MYO_hd	RV_dc	RV_hd	
-0.907	0.0255	-0.882	0.9538	3.3202	0.8764	4.1525	0.9106	5.5791	
[1mEpoch [225][0m
GDLoss	CELoss	Total	LV_dc	LV_hd	MYO_dc	MYO_hd	RV_dc	RV_hd	
-0.912	0.0241	-0.888	0.9591	3.2807	0.8826	4.1231	0.9145	6.0858	
[1mEpoch [226][0m
GDLoss	CELoss	Total	LV_dc	LV_hd	MYO_dc	MYO_hd	RV_dc	RV_hd	
-0.913	0.0235	-0.889	0.9619	3.1194	0.8856	4.1167	0.9130	6.4319	
[1mEpoch [227][0m
GDLoss	CELoss	Total	LV_dc	LV_hd	MYO_dc	MYO_hd	RV_dc	RV_hd	
-0.911	0.0244	-0.887	0.9587	3.2198	0.8838	4.2257	0.9122	5.7200	
[1mEpoch [228][0m
GDLoss	CELoss	Total	LV_dc	LV_hd	MYO_dc	MYO_hd	RV_dc	RV_hd	
-0.912	0.0241	-0.887	0.9577	3.2550	0.8822	4.0495	0.9158	5.7935	
[1mEpoch [229][0m
GDLoss	CELoss	Total	LV_dc	LV_hd	MYO_dc	MYO_hd	RV_dc	RV_hd	
-0.909	0.0246	-0.884	0.9535	3.3501	0.8778	4.0164	0.9158	5.9332	
[1mEpoch [230][0m
GDLoss	CELoss	Total	LV_dc	LV_hd	MYO_dc	MYO_hd	RV_dc	RV_hd	
-0.912	0.0239	-0.888	0.9578	3.2568	0.8823	4.0699	0.9170	6.4234	
[1mEpoch [231][0m
GDLoss	CELoss	Total	LV_dc	LV_hd	MYO_dc	MYO_hd	RV_dc	RV_hd	
-0.913	0.0238	-0.889	0.9588	3.2358	0.8843	4.1362	0.9169	5.7998	
[1mEpoch [232][0m
GDLoss	CELoss	Total	LV_dc	LV_hd	MYO_dc	MYO_hd	RV_dc	RV_hd	
-0.908	0.0260	-0.882	0.9536	3.6288	0.8778	4.3226	0.9109	5.9637	
[1mEpoch [233][0m
GDLoss	CELoss	Total	LV_dc	LV_hd	MYO_dc	MYO_hd	RV_dc	RV_hd	
-0.910	0.0250	-0.885	0.9581	3.3711	0.8820	4.2228	0.9099	6.0982	
[1mEpoch [234][0m
GDLoss	CELoss	Total	LV_dc	LV_hd	MYO_dc	MYO_hd	RV_dc	RV_hd	
-0.912	0.0246	-0.887	0.9594	3.3737	0.8827	4.3973	0.9139	6.0235	
[1mEpoch [235][0m
GDLoss	CELoss	Total	LV_dc	LV_hd	MYO_dc	MYO_hd	RV_dc	RV_hd	
-0.910	0.0253	-0.885	0.9554	3.5869	0.8802	4.0703	0.9148	5.9518	
[1mEpoch [236][0m
GDLoss	CELoss	Total	LV_dc	LV_hd	MYO_dc	MYO_hd	RV_dc	RV_hd	
-0.910	0.0247	-0.886	0.9567	3.4788	0.8800	4.1145	0.9139	5.9073	
[1mEpoch [237][0m
GDLoss	CELoss	Total	LV_dc	LV_hd	MYO_dc	MYO_hd	RV_dc	RV_hd	
-0.910	0.0252	-0.885	0.9550	3.2935	0.8782	3.9769	0.9162	6.0268	
[1mEpoch [238][0m
GDLoss	CELoss	Total	LV_dc	LV_hd	MYO_dc	MYO_hd	RV_dc	RV_hd	
-0.912	0.0247	-0.887	0.9572	3.2992	0.8793	3.9913	0.9172	5.6008	
[1mEpoch [239][0m
GDLoss	CELoss	Total	LV_dc	LV_hd	MYO_dc	MYO_hd	RV_dc	RV_hd	
-0.912	0.0248	-0.887	0.9577	3.3273	0.8807	3.9469	0.9173	5.6173	
[1mEpoch [240][0m
GDLoss	CELoss	Total	LV_dc	LV_hd	MYO_dc	MYO_hd	RV_dc	RV_hd	
-0.912	0.0243	-0.888	0.9584	3.3017	0.8824	3.8306	0.9168	5.1456	
[1mEpoch [241][0m
GDLoss	CELoss	Total	LV_dc	LV_hd	MYO_dc	MYO_hd	RV_dc	RV_hd	
-0.910	0.0251	-0.885	0.9535	3.4251	0.8758	4.0844	0.9194	5.2773	
[1mEpoch [242][0m
GDLoss	CELoss	Total	LV_dc	LV_hd	MYO_dc	MYO_hd	RV_dc	RV_hd	
-0.913	0.0241	-0.889	0.9587	3.3258	0.8821	3.9632	0.9193	5.6421	
[1mEpoch [243][0m
GDLoss	CELoss	Total	LV_dc	LV_hd	MYO_dc	MYO_hd	RV_dc	RV_hd	
-0.911	0.0253	-0.886	0.9553	3.4854	0.8817	4.1262	0.9164	5.7793	
[1mEpoch [244][0m
GDLoss	CELoss	Total	LV_dc	LV_hd	MYO_dc	MYO_hd	RV_dc	RV_hd	
-0.911	0.0249	-0.886	0.9552	3.3314	0.8793	4.0573	0.9168	5.7669	
[1mEpoch [245][0m
GDLoss	CELoss	Total	LV_dc	LV_hd	MYO_dc	MYO_hd	RV_dc	RV_hd	
-0.914	0.0241	-0.890	0.9599	3.2779	0.8852	4.0770	0.9170	5.7114	
[1mEpoch [246][0m
GDLoss	CELoss	Total	LV_dc	LV_hd	MYO_dc	MYO_hd	RV_dc	RV_hd	
-0.911	0.0256	-0.886	0.9579	3.2914	0.8797	4.0106	0.9152	5.6238	
[1mEpoch [247][0m
GDLoss	CELoss	Total	LV_dc	LV_hd	MYO_dc	MYO_hd	RV_dc	RV_hd	
-0.911	0.0253	-0.886	0.9564	3.2867	0.8799	4.0129	0.9150	5.3814	
[1mEpoch [248][0m
GDLoss	CELoss	Total	LV_dc	LV_hd	MYO_dc	MYO_hd	RV_dc	RV_hd	
-0.912	0.0251	-0.887	0.9579	3.2217	0.8813	4.0275	0.9161	5.7346	
[1mEpoch [249][0m
GDLoss	CELoss	Total	LV_dc	LV_hd	MYO_dc	MYO_hd	RV_dc	RV_hd	
-0.913	0.0249	-0.888	0.9595	3.2250	0.8849	3.8763	0.9128	5.6370	
/workspace/dann_training.py:316: FutureWarning: You are using `torch.load` with `weights_only=False` (the current default value), which uses the default pickle module implicitly. It is possible to construct malicious pickle data which will execute arbitrary code during unpickling (See https://github.com/pytorch/pytorch/blob/main/SECURITY.md#untrusted-models for more details). In a future release, the default value for `weights_only` will be flipped to `True`. This limits the functions that could be executed during unpickling. Arbitrary objects will no longer be allowed to be loaded via this mode unless they are explicitly allowlisted by the user via `torch.serialization.add_safe_globals`. We recommend you start setting `weights_only=True` for any use case where you don't have full control of the loaded file. Please open an issue on GitHub for any issues related to this experimental feature.
  model[axis].load_state_dict(torch.load(ckpt)["M"])
Traceback (most recent call last):
  File "/workspace/dann_training.py", line 335, in <module>
    splits = get_splits_supervised(vendor_info, os.path.join("dann_preprocessed", "splits.pkl"))
             ^^^^^^^^^^^^^^^^^^^^^
NameError: name 'get_splits_supervised' is not defined
